<?xml version="1.0" encoding="UTF-8"?>
<testsuite xmlns:xsi="http://www.w3.org/2001/XMLSchema-instance" xsi:noNamespaceSchemaLocation="https://maven.apache.org/surefire/maven-surefire-plugin/xsd/surefire-test-report-3.0.xsd" version="3.0" name="TestSuite" time="5.879" tests="3" errors="0" skipped="0" failures="0">
  <properties>
    <property name="java.specification.version" value="17"/>
    <property name="sun.cpu.isalist" value="amd64"/>
    <property name="sun.jnu.encoding" value="Cp1252"/>
    <property name="java.class.path" value="C:\Users\Lenovo\git\repository\AIS_Test\target\test-classes;C:\Users\Lenovo\git\repository\AIS_Test\target\classes;C:\Users\Lenovo\.m2\repository\org\seleniumhq\selenium\selenium-java\4.9.1\selenium-java-4.9.1.jar;C:\Users\Lenovo\.m2\repository\org\seleniumhq\selenium\selenium-api\4.9.1\selenium-api-4.9.1.jar;C:\Users\Lenovo\.m2\repository\org\seleniumhq\selenium\selenium-chrome-driver\4.9.1\selenium-chrome-driver-4.9.1.jar;C:\Users\Lenovo\.m2\repository\com\google\auto\service\auto-service-annotations\1.0.1\auto-service-annotations-1.0.1.jar;C:\Users\Lenovo\.m2\repository\com\google\auto\service\auto-service\1.0.1\auto-service-1.0.1.jar;C:\Users\Lenovo\.m2\repository\com\google\auto\auto-common\1.2\auto-common-1.2.jar;C:\Users\Lenovo\.m2\repository\com\google\guava\guava\31.1-jre\guava-31.1-jre.jar;C:\Users\Lenovo\.m2\repository\com\google\guava\failureaccess\1.0.1\failureaccess-1.0.1.jar;C:\Users\Lenovo\.m2\repository\com\google\guava\listenablefuture\9999.0-empty-to-avoid-conflict-with-guava\listenablefuture-9999.0-empty-to-avoid-conflict-with-guava.jar;C:\Users\Lenovo\.m2\repository\com\google\code\findbugs\jsr305\3.0.2\jsr305-3.0.2.jar;C:\Users\Lenovo\.m2\repository\org\checkerframework\checker-qual\3.12.0\checker-qual-3.12.0.jar;C:\Users\Lenovo\.m2\repository\com\google\errorprone\error_prone_annotations\2.11.0\error_prone_annotations-2.11.0.jar;C:\Users\Lenovo\.m2\repository\com\google\j2objc\j2objc-annotations\1.3\j2objc-annotations-1.3.jar;C:\Users\Lenovo\.m2\repository\org\seleniumhq\selenium\selenium-chromium-driver\4.9.1\selenium-chromium-driver-4.9.1.jar;C:\Users\Lenovo\.m2\repository\org\seleniumhq\selenium\selenium-json\4.9.1\selenium-json-4.9.1.jar;C:\Users\Lenovo\.m2\repository\org\seleniumhq\selenium\selenium-manager\4.9.1\selenium-manager-4.9.1.jar;C:\Users\Lenovo\.m2\repository\org\seleniumhq\selenium\selenium-devtools-v111\4.9.1\selenium-devtools-v111-4.9.1.jar;C:\Users\Lenovo\.m2\repository\org\seleniumhq\selenium\selenium-devtools-v112\4.9.1\selenium-devtools-v112-4.9.1.jar;C:\Users\Lenovo\.m2\repository\org\seleniumhq\selenium\selenium-devtools-v113\4.9.1\selenium-devtools-v113-4.9.1.jar;C:\Users\Lenovo\.m2\repository\org\seleniumhq\selenium\selenium-devtools-v85\4.9.1\selenium-devtools-v85-4.9.1.jar;C:\Users\Lenovo\.m2\repository\org\seleniumhq\selenium\selenium-edge-driver\4.9.1\selenium-edge-driver-4.9.1.jar;C:\Users\Lenovo\.m2\repository\org\seleniumhq\selenium\selenium-firefox-driver\4.9.1\selenium-firefox-driver-4.9.1.jar;C:\Users\Lenovo\.m2\repository\org\seleniumhq\selenium\selenium-http\4.9.1\selenium-http-4.9.1.jar;C:\Users\Lenovo\.m2\repository\dev\failsafe\failsafe\3.3.1\failsafe-3.3.1.jar;C:\Users\Lenovo\.m2\repository\org\seleniumhq\selenium\selenium-ie-driver\4.9.1\selenium-ie-driver-4.9.1.jar;C:\Users\Lenovo\.m2\repository\org\seleniumhq\selenium\selenium-remote-driver\4.9.1\selenium-remote-driver-4.9.1.jar;C:\Users\Lenovo\.m2\repository\io\netty\netty-buffer\4.1.91.Final\netty-buffer-4.1.91.Final.jar;C:\Users\Lenovo\.m2\repository\io\netty\netty-codec-http\4.1.91.Final\netty-codec-http-4.1.91.Final.jar;C:\Users\Lenovo\.m2\repository\io\netty\netty-codec\4.1.91.Final\netty-codec-4.1.91.Final.jar;C:\Users\Lenovo\.m2\repository\io\netty\netty-handler\4.1.91.Final\netty-handler-4.1.91.Final.jar;C:\Users\Lenovo\.m2\repository\io\netty\netty-common\4.1.91.Final\netty-common-4.1.91.Final.jar;C:\Users\Lenovo\.m2\repository\io\netty\netty-transport-classes-epoll\4.1.91.Final\netty-transport-classes-epoll-4.1.91.Final.jar;C:\Users\Lenovo\.m2\repository\io\netty\netty-transport-classes-kqueue\4.1.91.Final\netty-transport-classes-kqueue-4.1.91.Final.jar;C:\Users\Lenovo\.m2\repository\io\netty\netty-transport-native-epoll\4.1.91.Final\netty-transport-native-epoll-4.1.91.Final.jar;C:\Users\Lenovo\.m2\repository\io\netty\netty-transport-native-kqueue\4.1.91.Final\netty-transport-native-kqueue-4.1.91.Final.jar;C:\Users\Lenovo\.m2\repository\io\netty\netty-transport-native-unix-common\4.1.91.Final\netty-transport-native-unix-common-4.1.91.Final.jar;C:\Users\Lenovo\.m2\repository\io\netty\netty-transport\4.1.91.Final\netty-transport-4.1.91.Final.jar;C:\Users\Lenovo\.m2\repository\io\netty\netty-resolver\4.1.91.Final\netty-resolver-4.1.91.Final.jar;C:\Users\Lenovo\.m2\repository\io\opentelemetry\opentelemetry-api\1.25.0\opentelemetry-api-1.25.0.jar;C:\Users\Lenovo\.m2\repository\io\opentelemetry\opentelemetry-context\1.25.0\opentelemetry-context-1.25.0.jar;C:\Users\Lenovo\.m2\repository\io\opentelemetry\opentelemetry-exporter-logging\1.25.0\opentelemetry-exporter-logging-1.25.0.jar;C:\Users\Lenovo\.m2\repository\io\opentelemetry\opentelemetry-sdk-metrics\1.25.0\opentelemetry-sdk-metrics-1.25.0.jar;C:\Users\Lenovo\.m2\repository\io\opentelemetry\opentelemetry-sdk-logs\1.25.0-alpha\opentelemetry-sdk-logs-1.25.0-alpha.jar;C:\Users\Lenovo\.m2\repository\io\opentelemetry\opentelemetry-api-logs\1.25.0-alpha\opentelemetry-api-logs-1.25.0-alpha.jar;C:\Users\Lenovo\.m2\repository\io\opentelemetry\opentelemetry-api-events\1.25.0-alpha\opentelemetry-api-events-1.25.0-alpha.jar;C:\Users\Lenovo\.m2\repository\io\opentelemetry\opentelemetry-sdk-common\1.25.0\opentelemetry-sdk-common-1.25.0.jar;C:\Users\Lenovo\.m2\repository\io\opentelemetry\opentelemetry-sdk-extension-autoconfigure-spi\1.25.0\opentelemetry-sdk-extension-autoconfigure-spi-1.25.0.jar;C:\Users\Lenovo\.m2\repository\io\opentelemetry\opentelemetry-sdk-extension-autoconfigure\1.25.0-alpha\opentelemetry-sdk-extension-autoconfigure-1.25.0-alpha.jar;C:\Users\Lenovo\.m2\repository\io\opentelemetry\opentelemetry-sdk-trace\1.25.0\opentelemetry-sdk-trace-1.25.0.jar;C:\Users\Lenovo\.m2\repository\io\opentelemetry\opentelemetry-sdk\1.25.0\opentelemetry-sdk-1.25.0.jar;C:\Users\Lenovo\.m2\repository\io\opentelemetry\opentelemetry-semconv\1.25.0-alpha\opentelemetry-semconv-1.25.0-alpha.jar;C:\Users\Lenovo\.m2\repository\io\ous\jtoml\2.0.0\jtoml-2.0.0.jar;C:\Users\Lenovo\.m2\repository\net\bytebuddy\byte-buddy\1.14.4\byte-buddy-1.14.4.jar;C:\Users\Lenovo\.m2\repository\org\asynchttpclient\async-http-client\2.12.3\async-http-client-2.12.3.jar;C:\Users\Lenovo\.m2\repository\org\asynchttpclient\async-http-client-netty-utils\2.12.3\async-http-client-netty-utils-2.12.3.jar;C:\Users\Lenovo\.m2\repository\io\netty\netty-codec-socks\4.1.60.Final\netty-codec-socks-4.1.60.Final.jar;C:\Users\Lenovo\.m2\repository\io\netty\netty-handler-proxy\4.1.60.Final\netty-handler-proxy-4.1.60.Final.jar;C:\Users\Lenovo\.m2\repository\io\netty\netty-transport-native-epoll\4.1.60.Final\netty-transport-native-epoll-4.1.60.Final-linux-x86_64.jar;C:\Users\Lenovo\.m2\repository\io\netty\netty-transport-native-kqueue\4.1.60.Final\netty-transport-native-kqueue-4.1.60.Final-osx-x86_64.jar;C:\Users\Lenovo\.m2\repository\com\typesafe\netty\netty-reactive-streams\2.0.4\netty-reactive-streams-2.0.4.jar;C:\Users\Lenovo\.m2\repository\com\sun\activation\jakarta.activation\1.2.2\jakarta.activation-1.2.2.jar;C:\Users\Lenovo\.m2\repository\org\seleniumhq\selenium\selenium-safari-driver\4.9.1\selenium-safari-driver-4.9.1.jar;C:\Users\Lenovo\.m2\repository\org\seleniumhq\selenium\selenium-support\4.9.1\selenium-support-4.9.1.jar;C:\Users\Lenovo\.m2\repository\org\testng\testng\7.7.1\testng-7.7.1.jar;C:\Users\Lenovo\.m2\repository\org\slf4j\slf4j-api\1.7.36\slf4j-api-1.7.36.jar;C:\Users\Lenovo\.m2\repository\com\beust\jcommander\1.82\jcommander-1.82.jar;C:\Users\Lenovo\.m2\repository\org\webjars\jquery\3.6.1\jquery-3.6.1.jar;C:\Users\Lenovo\.m2\repository\io\qameta\allure\allure-testng\2.22.0\allure-testng-2.22.0.jar;C:\Users\Lenovo\.m2\repository\io\qameta\allure\allure-java-commons\2.22.0\allure-java-commons-2.22.0.jar;C:\Users\Lenovo\.m2\repository\io\qameta\allure\allure-model\2.22.0\allure-model-2.22.0.jar;C:\Users\Lenovo\.m2\repository\io\qameta\allure\allure-test-filter\2.22.0\allure-test-filter-2.22.0.jar;C:\Users\Lenovo\.m2\repository\io\qameta\allure\allure-maven\2.12.0\allure-maven-2.12.0.jar;C:\Users\Lenovo\.m2\repository\org\apache\httpcomponents\httpclient\4.5.13\httpclient-4.5.13.jar;C:\Users\Lenovo\.m2\repository\org\apache\httpcomponents\httpcore\4.4.13\httpcore-4.4.13.jar;C:\Users\Lenovo\.m2\repository\commons-logging\commons-logging\1.2\commons-logging-1.2.jar;C:\Users\Lenovo\.m2\repository\commons-codec\commons-codec\1.11\commons-codec-1.11.jar;C:\Users\Lenovo\.m2\repository\org\apache\maven\maven-plugin-api\3.8.6\maven-plugin-api-3.8.6.jar;C:\Users\Lenovo\.m2\repository\org\codehaus\plexus\plexus-utils\3.3.1\plexus-utils-3.3.1.jar;C:\Users\Lenovo\.m2\repository\org\codehaus\plexus\plexus-classworlds\2.6.0\plexus-classworlds-2.6.0.jar;C:\Users\Lenovo\.m2\repository\org\apache\maven\maven-core\3.8.6\maven-core-3.8.6.jar;C:\Users\Lenovo\.m2\repository\org\apache\maven\maven-model\3.8.6\maven-model-3.8.6.jar;C:\Users\Lenovo\.m2\repository\org\apache\maven\maven-settings\3.8.6\maven-settings-3.8.6.jar;C:\Users\Lenovo\.m2\repository\org\apache\maven\maven-settings-builder\3.8.6\maven-settings-builder-3.8.6.jar;C:\Users\Lenovo\.m2\repository\org\codehaus\plexus\plexus-sec-dispatcher\2.0\plexus-sec-dispatcher-2.0.jar;C:\Users\Lenovo\.m2\repository\org\codehaus\plexus\plexus-cipher\2.0\plexus-cipher-2.0.jar;C:\Users\Lenovo\.m2\repository\org\apache\maven\maven-builder-support\3.8.6\maven-builder-support-3.8.6.jar;C:\Users\Lenovo\.m2\repository\org\apache\maven\maven-repository-metadata\3.8.6\maven-repository-metadata-3.8.6.jar;C:\Users\Lenovo\.m2\repository\org\apache\maven\maven-artifact\3.8.6\maven-artifact-3.8.6.jar;C:\Users\Lenovo\.m2\repository\org\apache\maven\maven-model-builder\3.8.6\maven-model-builder-3.8.6.jar;C:\Users\Lenovo\.m2\repository\org\apache\maven\maven-resolver-provider\3.8.6\maven-resolver-provider-3.8.6.jar;C:\Users\Lenovo\.m2\repository\org\apache\maven\resolver\maven-resolver-impl\1.6.3\maven-resolver-impl-1.6.3.jar;C:\Users\Lenovo\.m2\repository\org\apache\maven\resolver\maven-resolver-api\1.6.3\maven-resolver-api-1.6.3.jar;C:\Users\Lenovo\.m2\repository\org\apache\maven\resolver\maven-resolver-spi\1.6.3\maven-resolver-spi-1.6.3.jar;C:\Users\Lenovo\.m2\repository\org\apache\maven\resolver\maven-resolver-util\1.6.3\maven-resolver-util-1.6.3.jar;C:\Users\Lenovo\.m2\repository\org\apache\maven\shared\maven-shared-utils\3.3.4\maven-shared-utils-3.3.4.jar;C:\Users\Lenovo\.m2\repository\commons-io\commons-io\2.6\commons-io-2.6.jar;C:\Users\Lenovo\.m2\repository\org\eclipse\sisu\org.eclipse.sisu.plexus\0.3.5\org.eclipse.sisu.plexus-0.3.5.jar;C:\Users\Lenovo\.m2\repository\javax\annotation\javax.annotation-api\1.2\javax.annotation-api-1.2.jar;C:\Users\Lenovo\.m2\repository\org\eclipse\sisu\org.eclipse.sisu.inject\0.3.5\org.eclipse.sisu.inject-0.3.5.jar;C:\Users\Lenovo\.m2\repository\com\google\inject\guice\4.2.2\guice-4.2.2-no_aop.jar;C:\Users\Lenovo\.m2\repository\aopalliance\aopalliance\1.0\aopalliance-1.0.jar;C:\Users\Lenovo\.m2\repository\javax\inject\javax.inject\1\javax.inject-1.jar;C:\Users\Lenovo\.m2\repository\org\codehaus\plexus\plexus-interpolation\1.26\plexus-interpolation-1.26.jar;C:\Users\Lenovo\.m2\repository\org\codehaus\plexus\plexus-component-annotations\2.1.0\plexus-component-annotations-2.1.0.jar;C:\Users\Lenovo\.m2\repository\org\apache\commons\commons-lang3\3.8.1\commons-lang3-3.8.1.jar;C:\Users\Lenovo\.m2\repository\org\apache\maven\reporting\maven-reporting-impl\3.0.0\maven-reporting-impl-3.0.0.jar;C:\Users\Lenovo\.m2\repository\org\apache\maven\reporting\maven-reporting-api\3.0\maven-reporting-api-3.0.jar;C:\Users\Lenovo\.m2\repository\org\apache\maven\doxia\doxia-sink-api\1.7\doxia-sink-api-1.7.jar;C:\Users\Lenovo\.m2\repository\org\apache\maven\doxia\doxia-logging-api\1.7\doxia-logging-api-1.7.jar;C:\Users\Lenovo\.m2\repository\org\apache\maven\doxia\doxia-decoration-model\1.7.4\doxia-decoration-model-1.7.4.jar;C:\Users\Lenovo\.m2\repository\org\apache\maven\doxia\doxia-core\1.7\doxia-core-1.7.jar;C:\Users\Lenovo\.m2\repository\org\codehaus\plexus\plexus-container-default\1.0-alpha-30\plexus-container-default-1.0-alpha-30.jar;C:\Users\Lenovo\.m2\repository\commons-lang\commons-lang\2.4\commons-lang-2.4.jar;C:\Users\Lenovo\.m2\repository\xmlunit\xmlunit\1.5\xmlunit-1.5.jar;C:\Users\Lenovo\.m2\repository\org\apache\maven\doxia\doxia-site-renderer\1.7.4\doxia-site-renderer-1.7.4.jar;C:\Users\Lenovo\.m2\repository\org\apache\maven\doxia\doxia-skin-model\1.7.4\doxia-skin-model-1.7.4.jar;C:\Users\Lenovo\.m2\repository\org\apache\maven\doxia\doxia-module-xhtml\1.7\doxia-module-xhtml-1.7.jar;C:\Users\Lenovo\.m2\repository\org\codehaus\plexus\plexus-i18n\1.0-beta-7\plexus-i18n-1.0-beta-7.jar;C:\Users\Lenovo\.m2\repository\org\codehaus\plexus\plexus-velocity\1.2\plexus-velocity-1.2.jar;C:\Users\Lenovo\.m2\repository\org\apache\velocity\velocity\1.7\velocity-1.7.jar;C:\Users\Lenovo\.m2\repository\org\apache\velocity\velocity-tools\2.0\velocity-tools-2.0.jar;C:\Users\Lenovo\.m2\repository\commons-digester\commons-digester\1.8\commons-digester-1.8.jar;C:\Users\Lenovo\.m2\repository\commons-chain\commons-chain\1.1\commons-chain-1.1.jar;C:\Users\Lenovo\.m2\repository\commons-validator\commons-validator\1.3.1\commons-validator-1.3.1.jar;C:\Users\Lenovo\.m2\repository\dom4j\dom4j\1.1\dom4j-1.1.jar;C:\Users\Lenovo\.m2\repository\oro\oro\2.0.8\oro-2.0.8.jar;C:\Users\Lenovo\.m2\repository\sslext\sslext\1.2-0\sslext-1.2-0.jar;C:\Users\Lenovo\.m2\repository\org\apache\struts\struts-core\1.3.8\struts-core-1.3.8.jar;C:\Users\Lenovo\.m2\repository\antlr\antlr\2.7.2\antlr-2.7.2.jar;C:\Users\Lenovo\.m2\repository\org\apache\struts\struts-taglib\1.3.8\struts-taglib-1.3.8.jar;C:\Users\Lenovo\.m2\repository\org\apache\struts\struts-tiles\1.3.8\struts-tiles-1.3.8.jar;C:\Users\Lenovo\.m2\repository\org\apache\maven\shared\maven-artifact-transfer\0.13.1\maven-artifact-transfer-0.13.1.jar;C:\Users\Lenovo\.m2\repository\org\apache\maven\shared\maven-common-artifact-filters\3.1.0\maven-common-artifact-filters-3.1.0.jar;C:\Users\Lenovo\.m2\repository\org\sonatype\sisu\sisu-inject-plexus\1.4.2\sisu-inject-plexus-1.4.2.jar;C:\Users\Lenovo\.m2\repository\org\sonatype\sisu\sisu-inject-bean\1.4.2\sisu-inject-bean-1.4.2.jar;C:\Users\Lenovo\.m2\repository\org\sonatype\sisu\sisu-guice\2.1.7\sisu-guice-2.1.7-noaop.jar;C:\Users\Lenovo\.m2\repository\commons-beanutils\commons-beanutils\1.9.4\commons-beanutils-1.9.4.jar;C:\Users\Lenovo\.m2\repository\commons-collections\commons-collections\3.2.2\commons-collections-3.2.2.jar;C:\Users\Lenovo\.m2\repository\net\lingala\zip4j\zip4j\1.3.3\zip4j-1.3.3.jar;C:\Users\Lenovo\.m2\repository\org\apache\commons\commons-exec\1.3\commons-exec-1.3.jar;C:\Users\Lenovo\.m2\repository\org\apache\maven\plugin-tools\maven-plugin-annotations\3.7.0\maven-plugin-annotations-3.7.0.jar;C:\Users\Lenovo\.m2\repository\org\apache\maven\plugins\maven-jxr-plugin\3.3.0\maven-jxr-plugin-3.3.0.jar;C:\Users\Lenovo\.m2\repository\org\apache\maven\maven-jxr\3.3.0\maven-jxr-3.3.0.jar;C:\Users\Lenovo\.m2\repository\org\apache\maven\wagon\wagon-provider-api\2.8\wagon-provider-api-2.8.jar;C:\Users\Lenovo\.m2\repository\org\codehaus\plexus\plexus-java\1.1.1\plexus-java-1.1.1.jar;C:\Users\Lenovo\.m2\repository\org\ow2\asm\asm\9.2\asm-9.2.jar;C:\Users\Lenovo\.m2\repository\com\thoughtworks\qdox\qdox\2.0.1\qdox-2.0.1.jar;C:\Users\Lenovo\.m2\repository\io\rest-assured\rest-assured\5.3.0\rest-assured-5.3.0.jar;C:\Users\Lenovo\.m2\repository\org\apache\groovy\groovy\4.0.6\groovy-4.0.6.jar;C:\Users\Lenovo\.m2\repository\org\apache\groovy\groovy-xml\4.0.6\groovy-xml-4.0.6.jar;C:\Users\Lenovo\.m2\repository\org\apache\httpcomponents\httpmime\4.5.13\httpmime-4.5.13.jar;C:\Users\Lenovo\.m2\repository\org\hamcrest\hamcrest\2.1\hamcrest-2.1.jar;C:\Users\Lenovo\.m2\repository\org\ccil\cowan\tagsoup\tagsoup\1.2.1\tagsoup-1.2.1.jar;C:\Users\Lenovo\.m2\repository\io\rest-assured\json-path\5.3.0\json-path-5.3.0.jar;C:\Users\Lenovo\.m2\repository\org\apache\groovy\groovy-json\4.0.6\groovy-json-4.0.6.jar;C:\Users\Lenovo\.m2\repository\io\rest-assured\rest-assured-common\5.3.0\rest-assured-common-5.3.0.jar;C:\Users\Lenovo\.m2\repository\io\rest-assured\xml-path\5.3.0\xml-path-5.3.0.jar;C:\Users\Lenovo\.m2\repository\com\google\code\gson\gson\2.10.1\gson-2.10.1.jar;C:\Users\Lenovo\.m2\repository\org\codehaus\jackson\jackson-core-asl\1.9.13\jackson-core-asl-1.9.13.jar;C:\Users\Lenovo\.m2\repository\com\googlecode\json-simple\json-simple\1.1.1\json-simple-1.1.1.jar;C:\Users\Lenovo\.m2\repository\junit\junit\4.10\junit-4.10.jar;C:\Users\Lenovo\.m2\repository\org\hamcrest\hamcrest-core\1.1\hamcrest-core-1.1.jar;C:\Users\Lenovo\.m2\repository\com\github\stephenc\monte\monte-screen-recorder\0.7.7.0\monte-screen-recorder-0.7.7.0.jar;C:\Users\Lenovo\.m2\repository\com\fasterxml\jackson\core\jackson-databind\2.15.1\jackson-databind-2.15.1.jar;C:\Users\Lenovo\.m2\repository\com\fasterxml\jackson\core\jackson-annotations\2.15.1\jackson-annotations-2.15.1.jar;C:\Users\Lenovo\.m2\repository\com\fasterxml\jackson\core\jackson-core\2.15.1\jackson-core-2.15.1.jar;C:\Users\Lenovo\.m2\repository\org\yaml\snakeyaml\2.0\snakeyaml-2.0.jar;C:\Users\Lenovo\.m2\repository\com\aventstack\extentreports\5.0.9\extentreports-5.0.9.jar;C:\Users\Lenovo\.m2\repository\io\reactivex\rxjava3\rxjava\3.0.4\rxjava-3.0.4.jar;C:\Users\Lenovo\.m2\repository\org\reactivestreams\reactive-streams\1.0.3\reactive-streams-1.0.3.jar;C:\Users\Lenovo\.m2\repository\org\freemarker\freemarker\2.3.30\freemarker-2.3.30.jar;C:\Users\Lenovo\.m2\repository\org\projectlombok\lombok\1.18.12\lombok-1.18.12.jar;C:\Users\Lenovo\.m2\repository\com\mysql\mysql-connector-j\8.0.33\mysql-connector-j-8.0.33.jar;C:\Users\Lenovo\.m2\repository\com\google\protobuf\protobuf-java\3.21.9\protobuf-java-3.21.9.jar;C:\Users\Lenovo\.m2\repository\com\oracle\database\jdbc\ojdbc8\23.2.0.0\ojdbc8-23.2.0.0.jar;"/>
    <property name="java.vm.vendor" value="Oracle Corporation"/>
    <property name="sun.arch.data.model" value="64"/>
    <property name="user.variant" value=""/>
    <property name="java.vendor.url" value="https://java.oracle.com/"/>
    <property name="user.timezone" value="Asia/Karachi"/>
    <property name="os.name" value="Windows 11"/>
    <property name="java.vm.specification.version" value="17"/>
    <property name="sun.java.launcher" value="SUN_STANDARD"/>
    <property name="user.country" value="US"/>
    <property name="sun.boot.library.path" value="C:\Program Files\Java\jdk-17\bin"/>
    <property name="sun.java.command" value="C:\Users\Lenovo\AppData\Local\Temp\surefire16391782567370278790\surefirebooter-20230620154212753_3.jar C:\Users\Lenovo\AppData\Local\Temp\surefire16391782567370278790 2023-06-20T15-42-12_576-jvmRun1 surefire-20230620154212753_1tmp surefire_0-20230620154212753_2tmp"/>
    <property name="jdk.debug" value="release"/>
    <property name="surefire.test.class.path" value="C:\Users\Lenovo\git\repository\AIS_Test\target\test-classes;C:\Users\Lenovo\git\repository\AIS_Test\target\classes;C:\Users\Lenovo\.m2\repository\org\seleniumhq\selenium\selenium-java\4.9.1\selenium-java-4.9.1.jar;C:\Users\Lenovo\.m2\repository\org\seleniumhq\selenium\selenium-api\4.9.1\selenium-api-4.9.1.jar;C:\Users\Lenovo\.m2\repository\org\seleniumhq\selenium\selenium-chrome-driver\4.9.1\selenium-chrome-driver-4.9.1.jar;C:\Users\Lenovo\.m2\repository\com\google\auto\service\auto-service-annotations\1.0.1\auto-service-annotations-1.0.1.jar;C:\Users\Lenovo\.m2\repository\com\google\auto\service\auto-service\1.0.1\auto-service-1.0.1.jar;C:\Users\Lenovo\.m2\repository\com\google\auto\auto-common\1.2\auto-common-1.2.jar;C:\Users\Lenovo\.m2\repository\com\google\guava\guava\31.1-jre\guava-31.1-jre.jar;C:\Users\Lenovo\.m2\repository\com\google\guava\failureaccess\1.0.1\failureaccess-1.0.1.jar;C:\Users\Lenovo\.m2\repository\com\google\guava\listenablefuture\9999.0-empty-to-avoid-conflict-with-guava\listenablefuture-9999.0-empty-to-avoid-conflict-with-guava.jar;C:\Users\Lenovo\.m2\repository\com\google\code\findbugs\jsr305\3.0.2\jsr305-3.0.2.jar;C:\Users\Lenovo\.m2\repository\org\checkerframework\checker-qual\3.12.0\checker-qual-3.12.0.jar;C:\Users\Lenovo\.m2\repository\com\google\errorprone\error_prone_annotations\2.11.0\error_prone_annotations-2.11.0.jar;C:\Users\Lenovo\.m2\repository\com\google\j2objc\j2objc-annotations\1.3\j2objc-annotations-1.3.jar;C:\Users\Lenovo\.m2\repository\org\seleniumhq\selenium\selenium-chromium-driver\4.9.1\selenium-chromium-driver-4.9.1.jar;C:\Users\Lenovo\.m2\repository\org\seleniumhq\selenium\selenium-json\4.9.1\selenium-json-4.9.1.jar;C:\Users\Lenovo\.m2\repository\org\seleniumhq\selenium\selenium-manager\4.9.1\selenium-manager-4.9.1.jar;C:\Users\Lenovo\.m2\repository\org\seleniumhq\selenium\selenium-devtools-v111\4.9.1\selenium-devtools-v111-4.9.1.jar;C:\Users\Lenovo\.m2\repository\org\seleniumhq\selenium\selenium-devtools-v112\4.9.1\selenium-devtools-v112-4.9.1.jar;C:\Users\Lenovo\.m2\repository\org\seleniumhq\selenium\selenium-devtools-v113\4.9.1\selenium-devtools-v113-4.9.1.jar;C:\Users\Lenovo\.m2\repository\org\seleniumhq\selenium\selenium-devtools-v85\4.9.1\selenium-devtools-v85-4.9.1.jar;C:\Users\Lenovo\.m2\repository\org\seleniumhq\selenium\selenium-edge-driver\4.9.1\selenium-edge-driver-4.9.1.jar;C:\Users\Lenovo\.m2\repository\org\seleniumhq\selenium\selenium-firefox-driver\4.9.1\selenium-firefox-driver-4.9.1.jar;C:\Users\Lenovo\.m2\repository\org\seleniumhq\selenium\selenium-http\4.9.1\selenium-http-4.9.1.jar;C:\Users\Lenovo\.m2\repository\dev\failsafe\failsafe\3.3.1\failsafe-3.3.1.jar;C:\Users\Lenovo\.m2\repository\org\seleniumhq\selenium\selenium-ie-driver\4.9.1\selenium-ie-driver-4.9.1.jar;C:\Users\Lenovo\.m2\repository\org\seleniumhq\selenium\selenium-remote-driver\4.9.1\selenium-remote-driver-4.9.1.jar;C:\Users\Lenovo\.m2\repository\io\netty\netty-buffer\4.1.91.Final\netty-buffer-4.1.91.Final.jar;C:\Users\Lenovo\.m2\repository\io\netty\netty-codec-http\4.1.91.Final\netty-codec-http-4.1.91.Final.jar;C:\Users\Lenovo\.m2\repository\io\netty\netty-codec\4.1.91.Final\netty-codec-4.1.91.Final.jar;C:\Users\Lenovo\.m2\repository\io\netty\netty-handler\4.1.91.Final\netty-handler-4.1.91.Final.jar;C:\Users\Lenovo\.m2\repository\io\netty\netty-common\4.1.91.Final\netty-common-4.1.91.Final.jar;C:\Users\Lenovo\.m2\repository\io\netty\netty-transport-classes-epoll\4.1.91.Final\netty-transport-classes-epoll-4.1.91.Final.jar;C:\Users\Lenovo\.m2\repository\io\netty\netty-transport-classes-kqueue\4.1.91.Final\netty-transport-classes-kqueue-4.1.91.Final.jar;C:\Users\Lenovo\.m2\repository\io\netty\netty-transport-native-epoll\4.1.91.Final\netty-transport-native-epoll-4.1.91.Final.jar;C:\Users\Lenovo\.m2\repository\io\netty\netty-transport-native-kqueue\4.1.91.Final\netty-transport-native-kqueue-4.1.91.Final.jar;C:\Users\Lenovo\.m2\repository\io\netty\netty-transport-native-unix-common\4.1.91.Final\netty-transport-native-unix-common-4.1.91.Final.jar;C:\Users\Lenovo\.m2\repository\io\netty\netty-transport\4.1.91.Final\netty-transport-4.1.91.Final.jar;C:\Users\Lenovo\.m2\repository\io\netty\netty-resolver\4.1.91.Final\netty-resolver-4.1.91.Final.jar;C:\Users\Lenovo\.m2\repository\io\opentelemetry\opentelemetry-api\1.25.0\opentelemetry-api-1.25.0.jar;C:\Users\Lenovo\.m2\repository\io\opentelemetry\opentelemetry-context\1.25.0\opentelemetry-context-1.25.0.jar;C:\Users\Lenovo\.m2\repository\io\opentelemetry\opentelemetry-exporter-logging\1.25.0\opentelemetry-exporter-logging-1.25.0.jar;C:\Users\Lenovo\.m2\repository\io\opentelemetry\opentelemetry-sdk-metrics\1.25.0\opentelemetry-sdk-metrics-1.25.0.jar;C:\Users\Lenovo\.m2\repository\io\opentelemetry\opentelemetry-sdk-logs\1.25.0-alpha\opentelemetry-sdk-logs-1.25.0-alpha.jar;C:\Users\Lenovo\.m2\repository\io\opentelemetry\opentelemetry-api-logs\1.25.0-alpha\opentelemetry-api-logs-1.25.0-alpha.jar;C:\Users\Lenovo\.m2\repository\io\opentelemetry\opentelemetry-api-events\1.25.0-alpha\opentelemetry-api-events-1.25.0-alpha.jar;C:\Users\Lenovo\.m2\repository\io\opentelemetry\opentelemetry-sdk-common\1.25.0\opentelemetry-sdk-common-1.25.0.jar;C:\Users\Lenovo\.m2\repository\io\opentelemetry\opentelemetry-sdk-extension-autoconfigure-spi\1.25.0\opentelemetry-sdk-extension-autoconfigure-spi-1.25.0.jar;C:\Users\Lenovo\.m2\repository\io\opentelemetry\opentelemetry-sdk-extension-autoconfigure\1.25.0-alpha\opentelemetry-sdk-extension-autoconfigure-1.25.0-alpha.jar;C:\Users\Lenovo\.m2\repository\io\opentelemetry\opentelemetry-sdk-trace\1.25.0\opentelemetry-sdk-trace-1.25.0.jar;C:\Users\Lenovo\.m2\repository\io\opentelemetry\opentelemetry-sdk\1.25.0\opentelemetry-sdk-1.25.0.jar;C:\Users\Lenovo\.m2\repository\io\opentelemetry\opentelemetry-semconv\1.25.0-alpha\opentelemetry-semconv-1.25.0-alpha.jar;C:\Users\Lenovo\.m2\repository\io\ous\jtoml\2.0.0\jtoml-2.0.0.jar;C:\Users\Lenovo\.m2\repository\net\bytebuddy\byte-buddy\1.14.4\byte-buddy-1.14.4.jar;C:\Users\Lenovo\.m2\repository\org\asynchttpclient\async-http-client\2.12.3\async-http-client-2.12.3.jar;C:\Users\Lenovo\.m2\repository\org\asynchttpclient\async-http-client-netty-utils\2.12.3\async-http-client-netty-utils-2.12.3.jar;C:\Users\Lenovo\.m2\repository\io\netty\netty-codec-socks\4.1.60.Final\netty-codec-socks-4.1.60.Final.jar;C:\Users\Lenovo\.m2\repository\io\netty\netty-handler-proxy\4.1.60.Final\netty-handler-proxy-4.1.60.Final.jar;C:\Users\Lenovo\.m2\repository\io\netty\netty-transport-native-epoll\4.1.60.Final\netty-transport-native-epoll-4.1.60.Final-linux-x86_64.jar;C:\Users\Lenovo\.m2\repository\io\netty\netty-transport-native-kqueue\4.1.60.Final\netty-transport-native-kqueue-4.1.60.Final-osx-x86_64.jar;C:\Users\Lenovo\.m2\repository\com\typesafe\netty\netty-reactive-streams\2.0.4\netty-reactive-streams-2.0.4.jar;C:\Users\Lenovo\.m2\repository\com\sun\activation\jakarta.activation\1.2.2\jakarta.activation-1.2.2.jar;C:\Users\Lenovo\.m2\repository\org\seleniumhq\selenium\selenium-safari-driver\4.9.1\selenium-safari-driver-4.9.1.jar;C:\Users\Lenovo\.m2\repository\org\seleniumhq\selenium\selenium-support\4.9.1\selenium-support-4.9.1.jar;C:\Users\Lenovo\.m2\repository\org\testng\testng\7.7.1\testng-7.7.1.jar;C:\Users\Lenovo\.m2\repository\org\slf4j\slf4j-api\1.7.36\slf4j-api-1.7.36.jar;C:\Users\Lenovo\.m2\repository\com\beust\jcommander\1.82\jcommander-1.82.jar;C:\Users\Lenovo\.m2\repository\org\webjars\jquery\3.6.1\jquery-3.6.1.jar;C:\Users\Lenovo\.m2\repository\io\qameta\allure\allure-testng\2.22.0\allure-testng-2.22.0.jar;C:\Users\Lenovo\.m2\repository\io\qameta\allure\allure-java-commons\2.22.0\allure-java-commons-2.22.0.jar;C:\Users\Lenovo\.m2\repository\io\qameta\allure\allure-model\2.22.0\allure-model-2.22.0.jar;C:\Users\Lenovo\.m2\repository\io\qameta\allure\allure-test-filter\2.22.0\allure-test-filter-2.22.0.jar;C:\Users\Lenovo\.m2\repository\io\qameta\allure\allure-maven\2.12.0\allure-maven-2.12.0.jar;C:\Users\Lenovo\.m2\repository\org\apache\httpcomponents\httpclient\4.5.13\httpclient-4.5.13.jar;C:\Users\Lenovo\.m2\repository\org\apache\httpcomponents\httpcore\4.4.13\httpcore-4.4.13.jar;C:\Users\Lenovo\.m2\repository\commons-logging\commons-logging\1.2\commons-logging-1.2.jar;C:\Users\Lenovo\.m2\repository\commons-codec\commons-codec\1.11\commons-codec-1.11.jar;C:\Users\Lenovo\.m2\repository\org\apache\maven\maven-plugin-api\3.8.6\maven-plugin-api-3.8.6.jar;C:\Users\Lenovo\.m2\repository\org\codehaus\plexus\plexus-utils\3.3.1\plexus-utils-3.3.1.jar;C:\Users\Lenovo\.m2\repository\org\codehaus\plexus\plexus-classworlds\2.6.0\plexus-classworlds-2.6.0.jar;C:\Users\Lenovo\.m2\repository\org\apache\maven\maven-core\3.8.6\maven-core-3.8.6.jar;C:\Users\Lenovo\.m2\repository\org\apache\maven\maven-model\3.8.6\maven-model-3.8.6.jar;C:\Users\Lenovo\.m2\repository\org\apache\maven\maven-settings\3.8.6\maven-settings-3.8.6.jar;C:\Users\Lenovo\.m2\repository\org\apache\maven\maven-settings-builder\3.8.6\maven-settings-builder-3.8.6.jar;C:\Users\Lenovo\.m2\repository\org\codehaus\plexus\plexus-sec-dispatcher\2.0\plexus-sec-dispatcher-2.0.jar;C:\Users\Lenovo\.m2\repository\org\codehaus\plexus\plexus-cipher\2.0\plexus-cipher-2.0.jar;C:\Users\Lenovo\.m2\repository\org\apache\maven\maven-builder-support\3.8.6\maven-builder-support-3.8.6.jar;C:\Users\Lenovo\.m2\repository\org\apache\maven\maven-repository-metadata\3.8.6\maven-repository-metadata-3.8.6.jar;C:\Users\Lenovo\.m2\repository\org\apache\maven\maven-artifact\3.8.6\maven-artifact-3.8.6.jar;C:\Users\Lenovo\.m2\repository\org\apache\maven\maven-model-builder\3.8.6\maven-model-builder-3.8.6.jar;C:\Users\Lenovo\.m2\repository\org\apache\maven\maven-resolver-provider\3.8.6\maven-resolver-provider-3.8.6.jar;C:\Users\Lenovo\.m2\repository\org\apache\maven\resolver\maven-resolver-impl\1.6.3\maven-resolver-impl-1.6.3.jar;C:\Users\Lenovo\.m2\repository\org\apache\maven\resolver\maven-resolver-api\1.6.3\maven-resolver-api-1.6.3.jar;C:\Users\Lenovo\.m2\repository\org\apache\maven\resolver\maven-resolver-spi\1.6.3\maven-resolver-spi-1.6.3.jar;C:\Users\Lenovo\.m2\repository\org\apache\maven\resolver\maven-resolver-util\1.6.3\maven-resolver-util-1.6.3.jar;C:\Users\Lenovo\.m2\repository\org\apache\maven\shared\maven-shared-utils\3.3.4\maven-shared-utils-3.3.4.jar;C:\Users\Lenovo\.m2\repository\commons-io\commons-io\2.6\commons-io-2.6.jar;C:\Users\Lenovo\.m2\repository\org\eclipse\sisu\org.eclipse.sisu.plexus\0.3.5\org.eclipse.sisu.plexus-0.3.5.jar;C:\Users\Lenovo\.m2\repository\javax\annotation\javax.annotation-api\1.2\javax.annotation-api-1.2.jar;C:\Users\Lenovo\.m2\repository\org\eclipse\sisu\org.eclipse.sisu.inject\0.3.5\org.eclipse.sisu.inject-0.3.5.jar;C:\Users\Lenovo\.m2\repository\com\google\inject\guice\4.2.2\guice-4.2.2-no_aop.jar;C:\Users\Lenovo\.m2\repository\aopalliance\aopalliance\1.0\aopalliance-1.0.jar;C:\Users\Lenovo\.m2\repository\javax\inject\javax.inject\1\javax.inject-1.jar;C:\Users\Lenovo\.m2\repository\org\codehaus\plexus\plexus-interpolation\1.26\plexus-interpolation-1.26.jar;C:\Users\Lenovo\.m2\repository\org\codehaus\plexus\plexus-component-annotations\2.1.0\plexus-component-annotations-2.1.0.jar;C:\Users\Lenovo\.m2\repository\org\apache\commons\commons-lang3\3.8.1\commons-lang3-3.8.1.jar;C:\Users\Lenovo\.m2\repository\org\apache\maven\reporting\maven-reporting-impl\3.0.0\maven-reporting-impl-3.0.0.jar;C:\Users\Lenovo\.m2\repository\org\apache\maven\reporting\maven-reporting-api\3.0\maven-reporting-api-3.0.jar;C:\Users\Lenovo\.m2\repository\org\apache\maven\doxia\doxia-sink-api\1.7\doxia-sink-api-1.7.jar;C:\Users\Lenovo\.m2\repository\org\apache\maven\doxia\doxia-logging-api\1.7\doxia-logging-api-1.7.jar;C:\Users\Lenovo\.m2\repository\org\apache\maven\doxia\doxia-decoration-model\1.7.4\doxia-decoration-model-1.7.4.jar;C:\Users\Lenovo\.m2\repository\org\apache\maven\doxia\doxia-core\1.7\doxia-core-1.7.jar;C:\Users\Lenovo\.m2\repository\org\codehaus\plexus\plexus-container-default\1.0-alpha-30\plexus-container-default-1.0-alpha-30.jar;C:\Users\Lenovo\.m2\repository\commons-lang\commons-lang\2.4\commons-lang-2.4.jar;C:\Users\Lenovo\.m2\repository\xmlunit\xmlunit\1.5\xmlunit-1.5.jar;C:\Users\Lenovo\.m2\repository\org\apache\maven\doxia\doxia-site-renderer\1.7.4\doxia-site-renderer-1.7.4.jar;C:\Users\Lenovo\.m2\repository\org\apache\maven\doxia\doxia-skin-model\1.7.4\doxia-skin-model-1.7.4.jar;C:\Users\Lenovo\.m2\repository\org\apache\maven\doxia\doxia-module-xhtml\1.7\doxia-module-xhtml-1.7.jar;C:\Users\Lenovo\.m2\repository\org\codehaus\plexus\plexus-i18n\1.0-beta-7\plexus-i18n-1.0-beta-7.jar;C:\Users\Lenovo\.m2\repository\org\codehaus\plexus\plexus-velocity\1.2\plexus-velocity-1.2.jar;C:\Users\Lenovo\.m2\repository\org\apache\velocity\velocity\1.7\velocity-1.7.jar;C:\Users\Lenovo\.m2\repository\org\apache\velocity\velocity-tools\2.0\velocity-tools-2.0.jar;C:\Users\Lenovo\.m2\repository\commons-digester\commons-digester\1.8\commons-digester-1.8.jar;C:\Users\Lenovo\.m2\repository\commons-chain\commons-chain\1.1\commons-chain-1.1.jar;C:\Users\Lenovo\.m2\repository\commons-validator\commons-validator\1.3.1\commons-validator-1.3.1.jar;C:\Users\Lenovo\.m2\repository\dom4j\dom4j\1.1\dom4j-1.1.jar;C:\Users\Lenovo\.m2\repository\oro\oro\2.0.8\oro-2.0.8.jar;C:\Users\Lenovo\.m2\repository\sslext\sslext\1.2-0\sslext-1.2-0.jar;C:\Users\Lenovo\.m2\repository\org\apache\struts\struts-core\1.3.8\struts-core-1.3.8.jar;C:\Users\Lenovo\.m2\repository\antlr\antlr\2.7.2\antlr-2.7.2.jar;C:\Users\Lenovo\.m2\repository\org\apache\struts\struts-taglib\1.3.8\struts-taglib-1.3.8.jar;C:\Users\Lenovo\.m2\repository\org\apache\struts\struts-tiles\1.3.8\struts-tiles-1.3.8.jar;C:\Users\Lenovo\.m2\repository\org\apache\maven\shared\maven-artifact-transfer\0.13.1\maven-artifact-transfer-0.13.1.jar;C:\Users\Lenovo\.m2\repository\org\apache\maven\shared\maven-common-artifact-filters\3.1.0\maven-common-artifact-filters-3.1.0.jar;C:\Users\Lenovo\.m2\repository\org\sonatype\sisu\sisu-inject-plexus\1.4.2\sisu-inject-plexus-1.4.2.jar;C:\Users\Lenovo\.m2\repository\org\sonatype\sisu\sisu-inject-bean\1.4.2\sisu-inject-bean-1.4.2.jar;C:\Users\Lenovo\.m2\repository\org\sonatype\sisu\sisu-guice\2.1.7\sisu-guice-2.1.7-noaop.jar;C:\Users\Lenovo\.m2\repository\commons-beanutils\commons-beanutils\1.9.4\commons-beanutils-1.9.4.jar;C:\Users\Lenovo\.m2\repository\commons-collections\commons-collections\3.2.2\commons-collections-3.2.2.jar;C:\Users\Lenovo\.m2\repository\net\lingala\zip4j\zip4j\1.3.3\zip4j-1.3.3.jar;C:\Users\Lenovo\.m2\repository\org\apache\commons\commons-exec\1.3\commons-exec-1.3.jar;C:\Users\Lenovo\.m2\repository\org\apache\maven\plugin-tools\maven-plugin-annotations\3.7.0\maven-plugin-annotations-3.7.0.jar;C:\Users\Lenovo\.m2\repository\org\apache\maven\plugins\maven-jxr-plugin\3.3.0\maven-jxr-plugin-3.3.0.jar;C:\Users\Lenovo\.m2\repository\org\apache\maven\maven-jxr\3.3.0\maven-jxr-3.3.0.jar;C:\Users\Lenovo\.m2\repository\org\apache\maven\wagon\wagon-provider-api\2.8\wagon-provider-api-2.8.jar;C:\Users\Lenovo\.m2\repository\org\codehaus\plexus\plexus-java\1.1.1\plexus-java-1.1.1.jar;C:\Users\Lenovo\.m2\repository\org\ow2\asm\asm\9.2\asm-9.2.jar;C:\Users\Lenovo\.m2\repository\com\thoughtworks\qdox\qdox\2.0.1\qdox-2.0.1.jar;C:\Users\Lenovo\.m2\repository\io\rest-assured\rest-assured\5.3.0\rest-assured-5.3.0.jar;C:\Users\Lenovo\.m2\repository\org\apache\groovy\groovy\4.0.6\groovy-4.0.6.jar;C:\Users\Lenovo\.m2\repository\org\apache\groovy\groovy-xml\4.0.6\groovy-xml-4.0.6.jar;C:\Users\Lenovo\.m2\repository\org\apache\httpcomponents\httpmime\4.5.13\httpmime-4.5.13.jar;C:\Users\Lenovo\.m2\repository\org\hamcrest\hamcrest\2.1\hamcrest-2.1.jar;C:\Users\Lenovo\.m2\repository\org\ccil\cowan\tagsoup\tagsoup\1.2.1\tagsoup-1.2.1.jar;C:\Users\Lenovo\.m2\repository\io\rest-assured\json-path\5.3.0\json-path-5.3.0.jar;C:\Users\Lenovo\.m2\repository\org\apache\groovy\groovy-json\4.0.6\groovy-json-4.0.6.jar;C:\Users\Lenovo\.m2\repository\io\rest-assured\rest-assured-common\5.3.0\rest-assured-common-5.3.0.jar;C:\Users\Lenovo\.m2\repository\io\rest-assured\xml-path\5.3.0\xml-path-5.3.0.jar;C:\Users\Lenovo\.m2\repository\com\google\code\gson\gson\2.10.1\gson-2.10.1.jar;C:\Users\Lenovo\.m2\repository\org\codehaus\jackson\jackson-core-asl\1.9.13\jackson-core-asl-1.9.13.jar;C:\Users\Lenovo\.m2\repository\com\googlecode\json-simple\json-simple\1.1.1\json-simple-1.1.1.jar;C:\Users\Lenovo\.m2\repository\junit\junit\4.10\junit-4.10.jar;C:\Users\Lenovo\.m2\repository\org\hamcrest\hamcrest-core\1.1\hamcrest-core-1.1.jar;C:\Users\Lenovo\.m2\repository\com\github\stephenc\monte\monte-screen-recorder\0.7.7.0\monte-screen-recorder-0.7.7.0.jar;C:\Users\Lenovo\.m2\repository\com\fasterxml\jackson\core\jackson-databind\2.15.1\jackson-databind-2.15.1.jar;C:\Users\Lenovo\.m2\repository\com\fasterxml\jackson\core\jackson-annotations\2.15.1\jackson-annotations-2.15.1.jar;C:\Users\Lenovo\.m2\repository\com\fasterxml\jackson\core\jackson-core\2.15.1\jackson-core-2.15.1.jar;C:\Users\Lenovo\.m2\repository\org\yaml\snakeyaml\2.0\snakeyaml-2.0.jar;C:\Users\Lenovo\.m2\repository\com\aventstack\extentreports\5.0.9\extentreports-5.0.9.jar;C:\Users\Lenovo\.m2\repository\io\reactivex\rxjava3\rxjava\3.0.4\rxjava-3.0.4.jar;C:\Users\Lenovo\.m2\repository\org\reactivestreams\reactive-streams\1.0.3\reactive-streams-1.0.3.jar;C:\Users\Lenovo\.m2\repository\org\freemarker\freemarker\2.3.30\freemarker-2.3.30.jar;C:\Users\Lenovo\.m2\repository\org\projectlombok\lombok\1.18.12\lombok-1.18.12.jar;C:\Users\Lenovo\.m2\repository\com\mysql\mysql-connector-j\8.0.33\mysql-connector-j-8.0.33.jar;C:\Users\Lenovo\.m2\repository\com\google\protobuf\protobuf-java\3.21.9\protobuf-java-3.21.9.jar;C:\Users\Lenovo\.m2\repository\com\oracle\database\jdbc\ojdbc8\23.2.0.0\ojdbc8-23.2.0.0.jar;"/>
    <property name="sun.cpu.endian" value="little"/>
    <property name="user.home" value="C:\Users\Lenovo"/>
    <property name="user.language" value="en"/>
    <property name="java.specification.vendor" value="Oracle Corporation"/>
    <property name="java.version.date" value="2023-04-18"/>
    <property name="java.home" value="C:\Program Files\Java\jdk-17"/>
    <property name="file.separator" value="\"/>
    <property name="basedir" value="C:\Users\Lenovo\git\repository\AIS_Test"/>
    <property name="java.vm.compressedOopsMode" value="32-bit"/>
    <property name="line.separator" value="&#10;"/>
    <property name="java.vm.specification.vendor" value="Oracle Corporation"/>
    <property name="java.specification.name" value="Java Platform API Specification"/>
    <property name="surefire.real.class.path" value="C:\Users\Lenovo\AppData\Local\Temp\surefire16391782567370278790\surefirebooter-20230620154212753_3.jar"/>
    <property name="user.script" value=""/>
    <property name="sun.management.compiler" value="HotSpot 64-Bit Tiered Compilers"/>
    <property name="java.runtime.version" value="17.0.7+8-LTS-224"/>
    <property name="user.name" value="Lenovo"/>
    <property name="path.separator" value=";"/>
    <property name="os.version" value="10.0"/>
    <property name="java.runtime.name" value="Java(TM) SE Runtime Environment"/>
    <property name="file.encoding" value="Cp1252"/>
    <property name="java.vm.name" value="Java HotSpot(TM) 64-Bit Server VM"/>
    <property name="localRepository" value="C:\Users\Lenovo\.m2\repository"/>
    <property name="java.vendor.url.bug" value="https://bugreport.java.com/bugreport/"/>
    <property name="java.io.tmpdir" value="C:\Users\Lenovo\AppData\Local\Temp\"/>
    <property name="java.version" value="17.0.7"/>
    <property name="user.dir" value="C:\Users\Lenovo\git\repository\AIS_Test"/>
    <property name="os.arch" value="amd64"/>
    <property name="groups" value="Usecase_Managmnet"/>
    <property name="java.vm.specification.name" value="Java Virtual Machine Specification"/>
    <property name="sun.os.patch.level" value=""/>
    <property name="native.encoding" value="Cp1252"/>
    <property name="java.library.path" value="C:\Program Files\Java\jdk-17\bin;C:\Windows\Sun\Java\bin;C:\Windows\system32;C:\Windows;C:\Python311\Scripts\;C:\Python311\;C:\Program Files\Common Files\Oracle\Java\javapath;C:\Windows\system32;C:\Windows;C:\Windows\System32\Wbem;C:\Windows\System32\WindowsPowerShell\v1.0\;C:\Windows\System32\OpenSSH\;C:\Program Files\Java\jdk-17\bin;C:\Program Files\nodejs\;C:\ProgramData\chocolatey\bin;C:\Program Files (x86)\gnupg\bin;C:\Program Files\Git\cmd;C:\apache-maven-3.9.2\bin;C:\Users\Lenovo\scoop\shims;C:\Users\Lenovo\AppData\Local\Microsoft\WindowsApps;;C:\Users\Lenovo\AppData\Local\Programs\Microsoft VS Code\bin;C:\Users\Lenovo\AppData\Roaming\npm;C:\Program Files\JetBrains\PyCharm Community Edition 2023.1.2\bin;;."/>
    <property name="java.vm.info" value="mixed mode, sharing"/>
    <property name="java.vendor" value="Oracle Corporation"/>
    <property name="java.vm.version" value="17.0.7+8-LTS-224"/>
    <property name="sun.io.unicode.encoding" value="UnicodeLittle"/>
    <property name="java.class.version" value="61.0"/>
  </properties>
  <testcase name="createUsecase" classname="com.restassured.usermanagment.api.testcases.UseCaseManagmentTest" time="3.32">
    <system-out><![CDATA[filename  :C:\Users\Lenovo\git\repository\AIS_Test\src\main\resources\config.properties
Test Returing value from key [AUTH_TOKEN] :Bearer oBMLUgzWWOl5xl4K0KZRZpxpVUTj9Wd8jlxjJEY+q3Ga1rBKVisip76IKq52cnKp/qRyecP4NIzs+zETO7izpvqN7pRIex/CMDLco63aVdMYNpe+E31KQTBeZ00uiCdCcWgE0CPRRupo6+BJhWiQKQ==
HTTP/1.1 200 OK
Access-Control-Allow-Headers: *
Date: Tue, 20 Jun 2023 10:42:15 GMT
Connection: keep-alive
Access-Control-Allow-Origin: *
Vary: Origin
Vary: Access-Control-Request-Method
Vary: Access-Control-Request-Headers
Access-Control-Allow-Credentials: true
Transfer-Encoding: chunked
Content-Type: application/json
Access-Control-Allow-Methods: *
Access-Control-Max-Age: 3600

{
    "responseCode": "0000",
    "message": "Success",
    "channel": null,
    "terminal": null,
    "transactionDate": null,
    "reterivalReferenceNumber": null,
    "payLoad": {
        "mcConfigId": 132,
        "configDescription": null,
        "configName": null,
        "createdate": "2023-06-20T10:42:15.085+00:00",
        "createuser": 18,
        "formName": "TRANS_LIMIT",
        "isActive": "Y",
        "lastupdatedate": null,
        "lastupdateuser": null,
        "requestType": "",
        "tableName": "TBL_TRANS_LIMIT",
        "updateindex": null
    },
    "errors": null,
    "checkSum": null
}
{
    "responseCode": "0000",
    "message": "Success",
    "channel": null,
    "terminal": null,
    "transactionDate": null,
    "reterivalReferenceNumber": null,
    "payLoad": {
        "mcConfigId": 132,
        "configDescription": null,
        "configName": null,
        "createdate": "2023-06-20T10:42:15.085+00:00",
        "createuser": 18,
        "formName": "TRANS_LIMIT",
        "isActive": "Y",
        "lastupdatedate": null,
        "lastupdateuser": null,
        "requestType": "",
        "tableName": "TBL_TRANS_LIMIT",
        "updateindex": null
    },
    "errors": null,
    "checkSum": null
}
TBL_TRANS_LIMIT
HTTP/1.1 200 OK
Access-Control-Allow-Headers: *
Date: Tue, 20 Jun 2023 10:42:16 GMT
Connection: keep-alive
Access-Control-Allow-Origin: *
Vary: Origin
Vary: Access-Control-Request-Method
Vary: Access-Control-Request-Headers
Access-Control-Allow-Credentials: true
Transfer-Encoding: chunked
Content-Type: application/json
Access-Control-Allow-Methods: *
Access-Control-Max-Age: 3600

{
    "responseCode": "0000",
    "message": "Success",
    "channel": null,
    "terminal": null,
    "transactionDate": null,
    "reterivalReferenceNumber": null,
    "payLoad": [
        {
            "mcConfigId": 128,
            "configDescription": null,
            "configName": null,
            "createdate": "2023-06-20",
            "createuser": 18,
            "formName": "TRANS_LIMIT",
            "isActive": "Y",
            "lastupdatedate": null,
            "lastupdateuser": null,
            "requestType": null,
            "tableName": "TBL_TRANS_LIMIT",
            "updateindex": null
        },
        {
            "mcConfigId": 129,
            "configDescription": null,
            "configName": null,
            "createdate": "2023-06-20",
            "createuser": 18,
            "formName": "USER",
            "isActive": "N",
            "lastupdatedate": "2023-06-20",
            "lastupdateuser": 18,
            "requestType": null,
            "tableName": "TBL_USER",
            "updateindex": 1
        },
        {
            "mcConfigId": 130,
            "configDescription": null,
            "configName": null,
            "createdate": "2023-06-20",
            "createuser": 18,
            "formName": "TRANS_LIMIT",
            "isActive": "Y",
            "lastupdatedate": null,
            "lastupdateuser": null,
            "requestType": null,
            "tableName": "TBL_TRANS_LIMIT",
            "updateindex": null
        },
        {
            "mcConfigId": 131,
            "configDescription": null,
            "configName": null,
            "createdate": "2023-06-20",
            "createuser": 18,
            "formName": "USER",
            "isActive": "N",
            "lastupdatedate": "2023-06-20",
            "lastupdateuser": 18,
            "requestType": null,
            "tableName": "TBL_USER",
            "updateindex": 1
        },
        {
            "mcConfigId": 126,
            "configDescription": null,
            "configName": null,
            "createdate": "2023-06-20",
            "createuser": 18,
            "formName": "TRANS_LIMIT",
            "isActive": "Y",
            "lastupdatedate": null,
            "lastupdateuser": null,
            "requestType": null,
            "tableName": "TBL_TRANS_LIMIT",
            "updateindex": null
        },
        {
            "mcConfigId": 127,
            "configDescription": null,
            "configName": null,
            "createdate": "2023-06-20",
            "createuser": 18,
            "formName": "USER",
            "isActive": "N",
            "lastupdatedate": "2023-06-20",
            "lastupdateuser": 18,
            "requestType": null,
            "tableName": "TBL_USER",
            "updateindex": 1
        },
        {
            "mcConfigId": 122,
            "configDescription": null,
            "configName": null,
            "createdate": "2023-06-20",
            "createuser": 18,
            "formName": "TRANS_LIMIT",
            "isActive": "Y",
            "lastupdatedate": null,
            "lastupdateuser": null,
            "requestType": null,
            "tableName": "TBL_TRANS_LIMIT",
            "updateindex": null
        },
        {
            "mcConfigId": 123,
            "configDescription": null,
            "configName": null,
            "createdate": "2023-06-20",
            "createuser": 18,
            "formName": "USER",
            "isActive": "N",
            "lastupdatedate": "2023-06-20",
            "lastupdateuser": 18,
            "requestType": null,
            "tableName": "TBL_USER",
            "updateindex": 1
        },
        {
            "mcConfigId": 124,
            "configDescription": null,
            "configName": null,
            "createdate": "2023-06-20",
            "createuser": 18,
            "formName": "TRANS_LIMIT",
            "isActive": "Y",
            "lastupdatedate": null,
            "lastupdateuser": null,
            "requestType": null,
            "tableName": "TBL_TRANS_LIMIT",
            "updateindex": null
        },
        {
            "mcConfigId": 125,
            "configDescription": null,
            "configName": null,
            "createdate": "2023-06-20",
            "createuser": 18,
            "formName": "USER",
            "isActive": "N",
            "lastupdatedate": "2023-06-20",
            "lastupdateuser": 18,
            "requestType": null,
            "tableName": "TBL_USER",
            "updateindex": 1
        },
        {
            "mcConfigId": 121,
            "configDescription": null,
            "configName": null,
            "createdate": "2023-06-20",
            "createuser": 18,
            "formName": "USER",
            "isActive": "N",
            "lastupdatedate": "2023-06-20",
            "lastupdateuser": 18,
            "requestType": null,
            "tableName": "TBL_USER",
            "updateindex": 1
        },
        {
            "mcConfigId": 120,
            "configDescription": null,
            "configName": null,
            "createdate": "2023-06-20",
            "createuser": 18,
            "formName": "TRANS_LIMIT",
            "isActive": "Y",
            "lastupdatedate": null,
            "lastupdateuser": null,
            "requestType": null,
            "tableName": "TBL_TRANS_LIMIT",
            "updateindex": null
        },
        {
            "mcConfigId": 132,
            "configDescription": null,
            "configName": null,
            "createdate": "2023-06-20",
            "createuser": 18,
            "formName": "TRANS_LIMIT",
            "isActive": "Y",
            "lastupdatedate": null,
            "lastupdateuser": null,
            "requestType": null,
            "tableName": "TBL_TRANS_LIMIT",
            "updateindex": null
        },
        {
            "mcConfigId": 110,
            "configDescription": null,
            "configName": null,
            "createdate": "2023-06-20",
            "createuser": 18,
            "formName": "TRANS_LIMIT",
            "isActive": "Y",
            "lastupdatedate": null,
            "lastupdateuser": null,
            "requestType": null,
            "tableName": "TBL_TRANS_LIMIT",
            "updateindex": null
        },
        {
            "mcConfigId": 111,
            "configDescription": null,
            "configName": null,
            "createdate": "2023-06-20",
            "createuser": 18,
            "formName": "USER",
            "isActive": "N",
            "lastupdatedate": "2023-06-20",
            "lastupdateuser": 18,
            "requestType": null,
            "tableName": "TBL_USER",
            "updateindex": 1
        },
        {
            "mcConfigId": 112,
            "configDescription": null,
            "configName": null,
            "createdate": "2023-06-20",
            "createuser": 18,
            "formName": "TRANS_LIMIT",
            "isActive": "Y",
            "lastupdatedate": null,
            "lastupdateuser": null,
            "requestType": null,
            "tableName": "TBL_TRANS_LIMIT",
            "updateindex": null
        },
        {
            "mcConfigId": 113,
            "configDescription": null,
            "configName": null,
            "createdate": "2023-06-20",
            "createuser": 18,
            "formName": "USER",
            "isActive": "N",
            "lastupdatedate": "2023-06-20",
            "lastupdateuser": 18,
            "requestType": null,
            "tableName": "TBL_USER",
            "updateindex": 1
        },
        {
            "mcConfigId": 114,
            "configDescription": null,
            "configName": null,
            "createdate": "2023-06-20",
            "createuser": 18,
            "formName": "TRANS_LIMIT",
            "isActive": "Y",
            "lastupdatedate": null,
            "lastupdateuser": null,
            "requestType": null,
            "tableName": "TBL_TRANS_LIMIT",
            "updateindex": null
        },
        {
            "mcConfigId": 115,
            "configDescription": null,
            "configName": null,
            "createdate": "2023-06-20",
            "createuser": 18,
            "formName": "USER",
            "isActive": "N",
            "lastupdatedate": "2023-06-20",
            "lastupdateuser": 18,
            "requestType": null,
            "tableName": "TBL_USER",
            "updateindex": 1
        },
        {
            "mcConfigId": 116,
            "configDescription": null,
            "configName": null,
            "createdate": "2023-06-20",
            "createuser": 18,
            "formName": "TRANS_LIMIT",
            "isActive": "Y",
            "lastupdatedate": null,
            "lastupdateuser": null,
            "requestType": null,
            "tableName": "TBL_TRANS_LIMIT",
            "updateindex": null
        },
        {
            "mcConfigId": 117,
            "configDescription": null,
            "configName": null,
            "createdate": "2023-06-20",
            "createuser": 18,
            "formName": "USER",
            "isActive": "N",
            "lastupdatedate": "2023-06-20",
            "lastupdateuser": 18,
            "requestType": null,
            "tableName": "TBL_USER",
            "updateindex": 1
        },
        {
            "mcConfigId": 118,
            "configDescription": null,
            "configName": null,
            "createdate": "2023-06-20",
            "createuser": 18,
            "formName": "TRANS_LIMIT",
            "isActive": "Y",
            "lastupdatedate": null,
            "lastupdateuser": null,
            "requestType": null,
            "tableName": "TBL_TRANS_LIMIT",
            "updateindex": null
        },
        {
            "mcConfigId": 119,
            "configDescription": null,
            "configName": null,
            "createdate": "2023-06-20",
            "createuser": 18,
            "formName": "USER",
            "isActive": "N",
            "lastupdatedate": "2023-06-20",
            "lastupdateuser": 18,
            "requestType": null,
            "tableName": "TBL_USER",
            "updateindex": 1
        },
        {
            "mcConfigId": 108,
            "configDescription": null,
            "configName": null,
            "createdate": "2023-06-20",
            "createuser": 18,
            "formName": "TRANS_LIMIT",
            "isActive": "Y",
            "lastupdatedate": null,
            "lastupdateuser": null,
            "requestType": null,
            "tableName": "TBL_TRANS_LIMIT",
            "updateindex": null
        },
        {
            "mcConfigId": 109,
            "configDescription": null,
            "configName": null,
            "createdate": "2023-06-20",
            "createuser": 18,
            "formName": "USER",
            "isActive": "N",
            "lastupdatedate": "2023-06-20",
            "lastupdateuser": 18,
            "requestType": null,
            "tableName": "TBL_USER",
            "updateindex": 1
        }
    ],
    "errors": null,
    "checkSum": null
}
]]></system-out>
    <system-err><![CDATA[SLF4J: Failed to load class "org.slf4j.impl.StaticLoggerBinder".
SLF4J: Defaulting to no-operation (NOP) logger implementation
SLF4J: See http://www.slf4j.org/codes.html#StaticLoggerBinder for further details.
]]></system-err>
  </testcase>
  <testcase name="getAllUseCases" classname="com.restassured.usermanagment.api.testcases.UseCaseManagmentTest" time="0.448">
    <system-out><![CDATA[filename  :C:\Users\Lenovo\git\repository\AIS_Test\src\main\resources\config.properties
Test Returing value from key [AUTH_TOKEN] :Bearer oBMLUgzWWOl5xl4K0KZRZpxpVUTj9Wd8jlxjJEY+q3Ga1rBKVisip76IKq52cnKp/qRyecP4NIzs+zETO7izpvqN7pRIex/CMDLco63aVdMYNpe+E31KQTBeZ00uiCdCcWgE0CPRRupo6+BJhWiQKQ==
HTTP/1.1 200 OK
Access-Control-Allow-Headers: *
Date: Tue, 20 Jun 2023 10:42:16 GMT
Connection: keep-alive
Access-Control-Allow-Origin: *
Vary: Origin
Vary: Access-Control-Request-Method
Vary: Access-Control-Request-Headers
Access-Control-Allow-Credentials: true
Transfer-Encoding: chunked
Content-Type: application/json
Access-Control-Allow-Methods: *
Access-Control-Max-Age: 3600

{
    "responseCode": "0000",
    "message": "Success",
    "channel": null,
    "terminal": null,
    "transactionDate": null,
    "reterivalReferenceNumber": null,
    "payLoad": [
        {
            "mcConfigId": 128,
            "configDescription": null,
            "configName": null,
            "createdate": "2023-06-20",
            "createuser": 18,
            "formName": "TRANS_LIMIT",
            "isActive": "Y",
            "lastupdatedate": null,
            "lastupdateuser": null,
            "requestType": null,
            "tableName": "TBL_TRANS_LIMIT",
            "updateindex": null
        },
        {
            "mcConfigId": 129,
            "configDescription": null,
            "configName": null,
            "createdate": "2023-06-20",
            "createuser": 18,
            "formName": "USER",
            "isActive": "N",
            "lastupdatedate": "2023-06-20",
            "lastupdateuser": 18,
            "requestType": null,
            "tableName": "TBL_USER",
            "updateindex": 1
        },
        {
            "mcConfigId": 130,
            "configDescription": null,
            "configName": null,
            "createdate": "2023-06-20",
            "createuser": 18,
            "formName": "TRANS_LIMIT",
            "isActive": "Y",
            "lastupdatedate": null,
            "lastupdateuser": null,
            "requestType": null,
            "tableName": "TBL_TRANS_LIMIT",
            "updateindex": null
        },
        {
            "mcConfigId": 131,
            "configDescription": null,
            "configName": null,
            "createdate": "2023-06-20",
            "createuser": 18,
            "formName": "USER",
            "isActive": "N",
            "lastupdatedate": "2023-06-20",
            "lastupdateuser": 18,
            "requestType": null,
            "tableName": "TBL_USER",
            "updateindex": 1
        },
        {
            "mcConfigId": 126,
            "configDescription": null,
            "configName": null,
            "createdate": "2023-06-20",
            "createuser": 18,
            "formName": "TRANS_LIMIT",
            "isActive": "Y",
            "lastupdatedate": null,
            "lastupdateuser": null,
            "requestType": null,
            "tableName": "TBL_TRANS_LIMIT",
            "updateindex": null
        },
        {
            "mcConfigId": 127,
            "configDescription": null,
            "configName": null,
            "createdate": "2023-06-20",
            "createuser": 18,
            "formName": "USER",
            "isActive": "N",
            "lastupdatedate": "2023-06-20",
            "lastupdateuser": 18,
            "requestType": null,
            "tableName": "TBL_USER",
            "updateindex": 1
        },
        {
            "mcConfigId": 122,
            "configDescription": null,
            "configName": null,
            "createdate": "2023-06-20",
            "createuser": 18,
            "formName": "TRANS_LIMIT",
            "isActive": "Y",
            "lastupdatedate": null,
            "lastupdateuser": null,
            "requestType": null,
            "tableName": "TBL_TRANS_LIMIT",
            "updateindex": null
        },
        {
            "mcConfigId": 123,
            "configDescription": null,
            "configName": null,
            "createdate": "2023-06-20",
            "createuser": 18,
            "formName": "USER",
            "isActive": "N",
            "lastupdatedate": "2023-06-20",
            "lastupdateuser": 18,
            "requestType": null,
            "tableName": "TBL_USER",
            "updateindex": 1
        },
        {
            "mcConfigId": 124,
            "configDescription": null,
            "configName": null,
            "createdate": "2023-06-20",
            "createuser": 18,
            "formName": "TRANS_LIMIT",
            "isActive": "Y",
            "lastupdatedate": null,
            "lastupdateuser": null,
            "requestType": null,
            "tableName": "TBL_TRANS_LIMIT",
            "updateindex": null
        },
        {
            "mcConfigId": 125,
            "configDescription": null,
            "configName": null,
            "createdate": "2023-06-20",
            "createuser": 18,
            "formName": "USER",
            "isActive": "N",
            "lastupdatedate": "2023-06-20",
            "lastupdateuser": 18,
            "requestType": null,
            "tableName": "TBL_USER",
            "updateindex": 1
        },
        {
            "mcConfigId": 121,
            "configDescription": null,
            "configName": null,
            "createdate": "2023-06-20",
            "createuser": 18,
            "formName": "USER",
            "isActive": "N",
            "lastupdatedate": "2023-06-20",
            "lastupdateuser": 18,
            "requestType": null,
            "tableName": "TBL_USER",
            "updateindex": 1
        },
        {
            "mcConfigId": 120,
            "configDescription": null,
            "configName": null,
            "createdate": "2023-06-20",
            "createuser": 18,
            "formName": "TRANS_LIMIT",
            "isActive": "Y",
            "lastupdatedate": null,
            "lastupdateuser": null,
            "requestType": null,
            "tableName": "TBL_TRANS_LIMIT",
            "updateindex": null
        },
        {
            "mcConfigId": 132,
            "configDescription": null,
            "configName": null,
            "createdate": "2023-06-20",
            "createuser": 18,
            "formName": "TRANS_LIMIT",
            "isActive": "Y",
            "lastupdatedate": null,
            "lastupdateuser": null,
            "requestType": null,
            "tableName": "TBL_TRANS_LIMIT",
            "updateindex": null
        },
        {
            "mcConfigId": 110,
            "configDescription": null,
            "configName": null,
            "createdate": "2023-06-20",
            "createuser": 18,
            "formName": "TRANS_LIMIT",
            "isActive": "Y",
            "lastupdatedate": null,
            "lastupdateuser": null,
            "requestType": null,
            "tableName": "TBL_TRANS_LIMIT",
            "updateindex": null
        },
        {
            "mcConfigId": 111,
            "configDescription": null,
            "configName": null,
            "createdate": "2023-06-20",
            "createuser": 18,
            "formName": "USER",
            "isActive": "N",
            "lastupdatedate": "2023-06-20",
            "lastupdateuser": 18,
            "requestType": null,
            "tableName": "TBL_USER",
            "updateindex": 1
        },
        {
            "mcConfigId": 112,
            "configDescription": null,
            "configName": null,
            "createdate": "2023-06-20",
            "createuser": 18,
            "formName": "TRANS_LIMIT",
            "isActive": "Y",
            "lastupdatedate": null,
            "lastupdateuser": null,
            "requestType": null,
            "tableName": "TBL_TRANS_LIMIT",
            "updateindex": null
        },
        {
            "mcConfigId": 113,
            "configDescription": null,
            "configName": null,
            "createdate": "2023-06-20",
            "createuser": 18,
            "formName": "USER",
            "isActive": "N",
            "lastupdatedate": "2023-06-20",
            "lastupdateuser": 18,
            "requestType": null,
            "tableName": "TBL_USER",
            "updateindex": 1
        },
        {
            "mcConfigId": 114,
            "configDescription": null,
            "configName": null,
            "createdate": "2023-06-20",
            "createuser": 18,
            "formName": "TRANS_LIMIT",
            "isActive": "Y",
            "lastupdatedate": null,
            "lastupdateuser": null,
            "requestType": null,
            "tableName": "TBL_TRANS_LIMIT",
            "updateindex": null
        },
        {
            "mcConfigId": 115,
            "configDescription": null,
            "configName": null,
            "createdate": "2023-06-20",
            "createuser": 18,
            "formName": "USER",
            "isActive": "N",
            "lastupdatedate": "2023-06-20",
            "lastupdateuser": 18,
            "requestType": null,
            "tableName": "TBL_USER",
            "updateindex": 1
        },
        {
            "mcConfigId": 116,
            "configDescription": null,
            "configName": null,
            "createdate": "2023-06-20",
            "createuser": 18,
            "formName": "TRANS_LIMIT",
            "isActive": "Y",
            "lastupdatedate": null,
            "lastupdateuser": null,
            "requestType": null,
            "tableName": "TBL_TRANS_LIMIT",
            "updateindex": null
        },
        {
            "mcConfigId": 117,
            "configDescription": null,
            "configName": null,
            "createdate": "2023-06-20",
            "createuser": 18,
            "formName": "USER",
            "isActive": "N",
            "lastupdatedate": "2023-06-20",
            "lastupdateuser": 18,
            "requestType": null,
            "tableName": "TBL_USER",
            "updateindex": 1
        },
        {
            "mcConfigId": 118,
            "configDescription": null,
            "configName": null,
            "createdate": "2023-06-20",
            "createuser": 18,
            "formName": "TRANS_LIMIT",
            "isActive": "Y",
            "lastupdatedate": null,
            "lastupdateuser": null,
            "requestType": null,
            "tableName": "TBL_TRANS_LIMIT",
            "updateindex": null
        },
        {
            "mcConfigId": 119,
            "configDescription": null,
            "configName": null,
            "createdate": "2023-06-20",
            "createuser": 18,
            "formName": "USER",
            "isActive": "N",
            "lastupdatedate": "2023-06-20",
            "lastupdateuser": 18,
            "requestType": null,
            "tableName": "TBL_USER",
            "updateindex": 1
        },
        {
            "mcConfigId": 108,
            "configDescription": null,
            "configName": null,
            "createdate": "2023-06-20",
            "createuser": 18,
            "formName": "TRANS_LIMIT",
            "isActive": "Y",
            "lastupdatedate": null,
            "lastupdateuser": null,
            "requestType": null,
            "tableName": "TBL_TRANS_LIMIT",
            "updateindex": null
        },
        {
            "mcConfigId": 109,
            "configDescription": null,
            "configName": null,
            "createdate": "2023-06-20",
            "createuser": 18,
            "formName": "USER",
            "isActive": "N",
            "lastupdatedate": "2023-06-20",
            "lastupdateuser": 18,
            "requestType": null,
            "tableName": "TBL_USER",
            "updateindex": 1
        }
    ],
    "errors": null,
    "checkSum": null
}
{
    "responseCode": "0000",
    "message": "Success",
    "channel": null,
    "terminal": null,
    "transactionDate": null,
    "reterivalReferenceNumber": null,
    "payLoad": [
        {
            "mcConfigId": 128,
            "configDescription": null,
            "configName": null,
            "createdate": "2023-06-20",
            "createuser": 18,
            "formName": "TRANS_LIMIT",
            "isActive": "Y",
            "lastupdatedate": null,
            "lastupdateuser": null,
            "requestType": null,
            "tableName": "TBL_TRANS_LIMIT",
            "updateindex": null
        },
        {
            "mcConfigId": 129,
            "configDescription": null,
            "configName": null,
            "createdate": "2023-06-20",
            "createuser": 18,
            "formName": "USER",
            "isActive": "N",
            "lastupdatedate": "2023-06-20",
            "lastupdateuser": 18,
            "requestType": null,
            "tableName": "TBL_USER",
            "updateindex": 1
        },
        {
            "mcConfigId": 130,
            "configDescription": null,
            "configName": null,
            "createdate": "2023-06-20",
            "createuser": 18,
            "formName": "TRANS_LIMIT",
            "isActive": "Y",
            "lastupdatedate": null,
            "lastupdateuser": null,
            "requestType": null,
            "tableName": "TBL_TRANS_LIMIT",
            "updateindex": null
        },
        {
            "mcConfigId": 131,
            "configDescription": null,
            "configName": null,
            "createdate": "2023-06-20",
            "createuser": 18,
            "formName": "USER",
            "isActive": "N",
            "lastupdatedate": "2023-06-20",
            "lastupdateuser": 18,
            "requestType": null,
            "tableName": "TBL_USER",
            "updateindex": 1
        },
        {
            "mcConfigId": 126,
            "configDescription": null,
            "configName": null,
            "createdate": "2023-06-20",
            "createuser": 18,
            "formName": "TRANS_LIMIT",
            "isActive": "Y",
            "lastupdatedate": null,
            "lastupdateuser": null,
            "requestType": null,
            "tableName": "TBL_TRANS_LIMIT",
            "updateindex": null
        },
        {
            "mcConfigId": 127,
            "configDescription": null,
            "configName": null,
            "createdate": "2023-06-20",
            "createuser": 18,
            "formName": "USER",
            "isActive": "N",
            "lastupdatedate": "2023-06-20",
            "lastupdateuser": 18,
            "requestType": null,
            "tableName": "TBL_USER",
            "updateindex": 1
        },
        {
            "mcConfigId": 122,
            "configDescription": null,
            "configName": null,
            "createdate": "2023-06-20",
            "createuser": 18,
            "formName": "TRANS_LIMIT",
            "isActive": "Y",
            "lastupdatedate": null,
            "lastupdateuser": null,
            "requestType": null,
            "tableName": "TBL_TRANS_LIMIT",
            "updateindex": null
        },
        {
            "mcConfigId": 123,
            "configDescription": null,
            "configName": null,
            "createdate": "2023-06-20",
            "createuser": 18,
            "formName": "USER",
            "isActive": "N",
            "lastupdatedate": "2023-06-20",
            "lastupdateuser": 18,
            "requestType": null,
            "tableName": "TBL_USER",
            "updateindex": 1
        },
        {
            "mcConfigId": 124,
            "configDescription": null,
            "configName": null,
            "createdate": "2023-06-20",
            "createuser": 18,
            "formName": "TRANS_LIMIT",
            "isActive": "Y",
            "lastupdatedate": null,
            "lastupdateuser": null,
            "requestType": null,
            "tableName": "TBL_TRANS_LIMIT",
            "updateindex": null
        },
        {
            "mcConfigId": 125,
            "configDescription": null,
            "configName": null,
            "createdate": "2023-06-20",
            "createuser": 18,
            "formName": "USER",
            "isActive": "N",
            "lastupdatedate": "2023-06-20",
            "lastupdateuser": 18,
            "requestType": null,
            "tableName": "TBL_USER",
            "updateindex": 1
        },
        {
            "mcConfigId": 121,
            "configDescription": null,
            "configName": null,
            "createdate": "2023-06-20",
            "createuser": 18,
            "formName": "USER",
            "isActive": "N",
            "lastupdatedate": "2023-06-20",
            "lastupdateuser": 18,
            "requestType": null,
            "tableName": "TBL_USER",
            "updateindex": 1
        },
        {
            "mcConfigId": 120,
            "configDescription": null,
            "configName": null,
            "createdate": "2023-06-20",
            "createuser": 18,
            "formName": "TRANS_LIMIT",
            "isActive": "Y",
            "lastupdatedate": null,
            "lastupdateuser": null,
            "requestType": null,
            "tableName": "TBL_TRANS_LIMIT",
            "updateindex": null
        },
        {
            "mcConfigId": 132,
            "configDescription": null,
            "configName": null,
            "createdate": "2023-06-20",
            "createuser": 18,
            "formName": "TRANS_LIMIT",
            "isActive": "Y",
            "lastupdatedate": null,
            "lastupdateuser": null,
            "requestType": null,
            "tableName": "TBL_TRANS_LIMIT",
            "updateindex": null
        },
        {
            "mcConfigId": 110,
            "configDescription": null,
            "configName": null,
            "createdate": "2023-06-20",
            "createuser": 18,
            "formName": "TRANS_LIMIT",
            "isActive": "Y",
            "lastupdatedate": null,
            "lastupdateuser": null,
            "requestType": null,
            "tableName": "TBL_TRANS_LIMIT",
            "updateindex": null
        },
        {
            "mcConfigId": 111,
            "configDescription": null,
            "configName": null,
            "createdate": "2023-06-20",
            "createuser": 18,
            "formName": "USER",
            "isActive": "N",
            "lastupdatedate": "2023-06-20",
            "lastupdateuser": 18,
            "requestType": null,
            "tableName": "TBL_USER",
            "updateindex": 1
        },
        {
            "mcConfigId": 112,
            "configDescription": null,
            "configName": null,
            "createdate": "2023-06-20",
            "createuser": 18,
            "formName": "TRANS_LIMIT",
            "isActive": "Y",
            "lastupdatedate": null,
            "lastupdateuser": null,
            "requestType": null,
            "tableName": "TBL_TRANS_LIMIT",
            "updateindex": null
        },
        {
            "mcConfigId": 113,
            "configDescription": null,
            "configName": null,
            "createdate": "2023-06-20",
            "createuser": 18,
            "formName": "USER",
            "isActive": "N",
            "lastupdatedate": "2023-06-20",
            "lastupdateuser": 18,
            "requestType": null,
            "tableName": "TBL_USER",
            "updateindex": 1
        },
        {
            "mcConfigId": 114,
            "configDescription": null,
            "configName": null,
            "createdate": "2023-06-20",
            "createuser": 18,
            "formName": "TRANS_LIMIT",
            "isActive": "Y",
            "lastupdatedate": null,
            "lastupdateuser": null,
            "requestType": null,
            "tableName": "TBL_TRANS_LIMIT",
            "updateindex": null
        },
        {
            "mcConfigId": 115,
            "configDescription": null,
            "configName": null,
            "createdate": "2023-06-20",
            "createuser": 18,
            "formName": "USER",
            "isActive": "N",
            "lastupdatedate": "2023-06-20",
            "lastupdateuser": 18,
            "requestType": null,
            "tableName": "TBL_USER",
            "updateindex": 1
        },
        {
            "mcConfigId": 116,
            "configDescription": null,
            "configName": null,
            "createdate": "2023-06-20",
            "createuser": 18,
            "formName": "TRANS_LIMIT",
            "isActive": "Y",
            "lastupdatedate": null,
            "lastupdateuser": null,
            "requestType": null,
            "tableName": "TBL_TRANS_LIMIT",
            "updateindex": null
        },
        {
            "mcConfigId": 117,
            "configDescription": null,
            "configName": null,
            "createdate": "2023-06-20",
            "createuser": 18,
            "formName": "USER",
            "isActive": "N",
            "lastupdatedate": "2023-06-20",
            "lastupdateuser": 18,
            "requestType": null,
            "tableName": "TBL_USER",
            "updateindex": 1
        },
        {
            "mcConfigId": 118,
            "configDescription": null,
            "configName": null,
            "createdate": "2023-06-20",
            "createuser": 18,
            "formName": "TRANS_LIMIT",
            "isActive": "Y",
            "lastupdatedate": null,
            "lastupdateuser": null,
            "requestType": null,
            "tableName": "TBL_TRANS_LIMIT",
            "updateindex": null
        },
        {
            "mcConfigId": 119,
            "configDescription": null,
            "configName": null,
            "createdate": "2023-06-20",
            "createuser": 18,
            "formName": "USER",
            "isActive": "N",
            "lastupdatedate": "2023-06-20",
            "lastupdateuser": 18,
            "requestType": null,
            "tableName": "TBL_USER",
            "updateindex": 1
        },
        {
            "mcConfigId": 108,
            "configDescription": null,
            "configName": null,
            "createdate": "2023-06-20",
            "createuser": 18,
            "formName": "TRANS_LIMIT",
            "isActive": "Y",
            "lastupdatedate": null,
            "lastupdateuser": null,
            "requestType": null,
            "tableName": "TBL_TRANS_LIMIT",
            "updateindex": null
        },
        {
            "mcConfigId": 109,
            "configDescription": null,
            "configName": null,
            "createdate": "2023-06-20",
            "createuser": 18,
            "formName": "USER",
            "isActive": "N",
            "lastupdatedate": "2023-06-20",
            "lastupdateuser": 18,
            "requestType": null,
            "tableName": "TBL_USER",
            "updateindex": 1
        }
    ],
    "errors": null,
    "checkSum": null
}
]]></system-out>
  </testcase>
  <testcase name="updateUseCase" classname="com.restassured.usermanagment.api.testcases.UseCaseManagmentTest" time="1.427">
    <system-out><![CDATA[filename  :C:\Users\Lenovo\git\repository\AIS_Test\src\main\resources\config.properties
Test Returing value from key [AUTH_TOKEN] :Bearer oBMLUgzWWOl5xl4K0KZRZpxpVUTj9Wd8jlxjJEY+q3Ga1rBKVisip76IKq52cnKp/qRyecP4NIzs+zETO7izpvqN7pRIex/CMDLco63aVdMYNpe+E31KQTBeZ00uiCdCcWgE0CPRRupo6+BJhWiQKQ==
HTTP/1.1 200 OK
Access-Control-Allow-Headers: *
Date: Tue, 20 Jun 2023 10:42:17 GMT
Connection: keep-alive
Access-Control-Allow-Origin: *
Vary: Origin
Vary: Access-Control-Request-Method
Vary: Access-Control-Request-Headers
Access-Control-Allow-Credentials: true
Transfer-Encoding: chunked
Content-Type: application/json
Access-Control-Allow-Methods: *
Access-Control-Max-Age: 3600

{
    "responseCode": "0000",
    "message": "Success",
    "channel": null,
    "terminal": null,
    "transactionDate": null,
    "reterivalReferenceNumber": null,
    "payLoad": {
        "mcConfigId": 133,
        "configDescription": null,
        "configName": null,
        "createdate": "2023-06-20T10:42:17.370+00:00",
        "createuser": 18,
        "formName": "TRANS_LIMIT",
        "isActive": "Y",
        "lastupdatedate": null,
        "lastupdateuser": null,
        "requestType": "",
        "tableName": "TBL_TRANS_LIMIT",
        "updateindex": null
    },
    "errors": null,
    "checkSum": null
}
{
    "responseCode": "0000",
    "message": "Success",
    "channel": null,
    "terminal": null,
    "transactionDate": null,
    "reterivalReferenceNumber": null,
    "payLoad": {
        "mcConfigId": 133,
        "configDescription": null,
        "configName": null,
        "createdate": "2023-06-20T10:42:17.370+00:00",
        "createuser": 18,
        "formName": "TRANS_LIMIT",
        "isActive": "Y",
        "lastupdatedate": null,
        "lastupdateuser": null,
        "requestType": "",
        "tableName": "TBL_TRANS_LIMIT",
        "updateindex": null
    },
    "errors": null,
    "checkSum": null
}
TBL_TRANS_LIMIT
Updated Json Body ==>{"data":{"payLoad":{"tableName":"TBL_USER","formName":"USER","requestType":"","isActive":"N","mcConfigId":133}}}
HTTP/1.1 200 OK
Access-Control-Allow-Headers: *
Date: Tue, 20 Jun 2023 10:42:17 GMT
Connection: keep-alive
Access-Control-Allow-Origin: *
Vary: Origin
Vary: Access-Control-Request-Method
Vary: Access-Control-Request-Headers
Access-Control-Allow-Credentials: true
Transfer-Encoding: chunked
Content-Type: application/json
Access-Control-Allow-Methods: *
Access-Control-Max-Age: 3600

{
    "responseCode": "0000",
    "message": "Success",
    "channel": null,
    "terminal": null,
    "transactionDate": null,
    "reterivalReferenceNumber": null,
    "payLoad": {
        "mcConfigId": 133,
        "configDescription": null,
        "configName": null,
        "createdate": "2023-06-20",
        "createuser": 18,
        "formName": "USER",
        "isActive": "N",
        "lastupdatedate": "2023-06-20T10:42:17.894+00:00",
        "lastupdateuser": 18,
        "requestType": "",
        "tableName": "TBL_USER",
        "updateindex": 1
    },
    "errors": null,
    "checkSum": null
}
Response from Updated Api==>{
    "responseCode": "0000",
    "message": "Success",
    "channel": null,
    "terminal": null,
    "transactionDate": null,
    "reterivalReferenceNumber": null,
    "payLoad": {
        "mcConfigId": 133,
        "configDescription": null,
        "configName": null,
        "createdate": "2023-06-20",
        "createuser": 18,
        "formName": "USER",
        "isActive": "N",
        "lastupdatedate": "2023-06-20T10:42:17.894+00:00",
        "lastupdateuser": 18,
        "requestType": "",
        "tableName": "TBL_USER",
        "updateindex": 1
    },
    "errors": null,
    "checkSum": null
}
Updated tabel name ==>TBL_USER
HTTP/1.1 200 OK
Access-Control-Allow-Headers: *
Date: Tue, 20 Jun 2023 10:42:18 GMT
Connection: keep-alive
Access-Control-Allow-Origin: *
Vary: Origin
Vary: Access-Control-Request-Method
Vary: Access-Control-Request-Headers
Access-Control-Allow-Credentials: true
Transfer-Encoding: chunked
Content-Type: application/json
Access-Control-Allow-Methods: *
Access-Control-Max-Age: 3600

{
    "responseCode": "0000",
    "message": "Success",
    "channel": null,
    "terminal": null,
    "transactionDate": null,
    "reterivalReferenceNumber": null,
    "payLoad": [
        {
            "mcConfigId": 128,
            "configDescription": null,
            "configName": null,
            "createdate": "2023-06-20",
            "createuser": 18,
            "formName": "TRANS_LIMIT",
            "isActive": "Y",
            "lastupdatedate": null,
            "lastupdateuser": null,
            "requestType": null,
            "tableName": "TBL_TRANS_LIMIT",
            "updateindex": null
        },
        {
            "mcConfigId": 129,
            "configDescription": null,
            "configName": null,
            "createdate": "2023-06-20",
            "createuser": 18,
            "formName": "USER",
            "isActive": "N",
            "lastupdatedate": "2023-06-20",
            "lastupdateuser": 18,
            "requestType": null,
            "tableName": "TBL_USER",
            "updateindex": 1
        },
        {
            "mcConfigId": 130,
            "configDescription": null,
            "configName": null,
            "createdate": "2023-06-20",
            "createuser": 18,
            "formName": "TRANS_LIMIT",
            "isActive": "Y",
            "lastupdatedate": null,
            "lastupdateuser": null,
            "requestType": null,
            "tableName": "TBL_TRANS_LIMIT",
            "updateindex": null
        },
        {
            "mcConfigId": 131,
            "configDescription": null,
            "configName": null,
            "createdate": "2023-06-20",
            "createuser": 18,
            "formName": "USER",
            "isActive": "N",
            "lastupdatedate": "2023-06-20",
            "lastupdateuser": 18,
            "requestType": null,
            "tableName": "TBL_USER",
            "updateindex": 1
        },
        {
            "mcConfigId": 126,
            "configDescription": null,
            "configName": null,
            "createdate": "2023-06-20",
            "createuser": 18,
            "formName": "TRANS_LIMIT",
            "isActive": "Y",
            "lastupdatedate": null,
            "lastupdateuser": null,
            "requestType": null,
            "tableName": "TBL_TRANS_LIMIT",
            "updateindex": null
        },
        {
            "mcConfigId": 127,
            "configDescription": null,
            "configName": null,
            "createdate": "2023-06-20",
            "createuser": 18,
            "formName": "USER",
            "isActive": "N",
            "lastupdatedate": "2023-06-20",
            "lastupdateuser": 18,
            "requestType": null,
            "tableName": "TBL_USER",
            "updateindex": 1
        },
        {
            "mcConfigId": 122,
            "configDescription": null,
            "configName": null,
            "createdate": "2023-06-20",
            "createuser": 18,
            "formName": "TRANS_LIMIT",
            "isActive": "Y",
            "lastupdatedate": null,
            "lastupdateuser": null,
            "requestType": null,
            "tableName": "TBL_TRANS_LIMIT",
            "updateindex": null
        },
        {
            "mcConfigId": 123,
            "configDescription": null,
            "configName": null,
            "createdate": "2023-06-20",
            "createuser": 18,
            "formName": "USER",
            "isActive": "N",
            "lastupdatedate": "2023-06-20",
            "lastupdateuser": 18,
            "requestType": null,
            "tableName": "TBL_USER",
            "updateindex": 1
        },
        {
            "mcConfigId": 124,
            "configDescription": null,
            "configName": null,
            "createdate": "2023-06-20",
            "createuser": 18,
            "formName": "TRANS_LIMIT",
            "isActive": "Y",
            "lastupdatedate": null,
            "lastupdateuser": null,
            "requestType": null,
            "tableName": "TBL_TRANS_LIMIT",
            "updateindex": null
        },
        {
            "mcConfigId": 125,
            "configDescription": null,
            "configName": null,
            "createdate": "2023-06-20",
            "createuser": 18,
            "formName": "USER",
            "isActive": "N",
            "lastupdatedate": "2023-06-20",
            "lastupdateuser": 18,
            "requestType": null,
            "tableName": "TBL_USER",
            "updateindex": 1
        },
        {
            "mcConfigId": 121,
            "configDescription": null,
            "configName": null,
            "createdate": "2023-06-20",
            "createuser": 18,
            "formName": "USER",
            "isActive": "N",
            "lastupdatedate": "2023-06-20",
            "lastupdateuser": 18,
            "requestType": null,
            "tableName": "TBL_USER",
            "updateindex": 1
        },
        {
            "mcConfigId": 133,
            "configDescription": null,
            "configName": null,
            "createdate": "2023-06-20",
            "createuser": 18,
            "formName": "USER",
            "isActive": "N",
            "lastupdatedate": "2023-06-20",
            "lastupdateuser": 18,
            "requestType": null,
            "tableName": "TBL_USER",
            "updateindex": 1
        },
        {
            "mcConfigId": 120,
            "configDescription": null,
            "configName": null,
            "createdate": "2023-06-20",
            "createuser": 18,
            "formName": "TRANS_LIMIT",
            "isActive": "Y",
            "lastupdatedate": null,
            "lastupdateuser": null,
            "requestType": null,
            "tableName": "TBL_TRANS_LIMIT",
            "updateindex": null
        },
        {
            "mcConfigId": 132,
            "configDescription": null,
            "configName": null,
            "createdate": "2023-06-20",
            "createuser": 18,
            "formName": "TRANS_LIMIT",
            "isActive": "Y",
            "lastupdatedate": null,
            "lastupdateuser": null,
            "requestType": null,
            "tableName": "TBL_TRANS_LIMIT",
            "updateindex": null
        },
        {
            "mcConfigId": 110,
            "configDescription": null,
            "configName": null,
            "createdate": "2023-06-20",
            "createuser": 18,
            "formName": "TRANS_LIMIT",
            "isActive": "Y",
            "lastupdatedate": null,
            "lastupdateuser": null,
            "requestType": null,
            "tableName": "TBL_TRANS_LIMIT",
            "updateindex": null
        },
        {
            "mcConfigId": 111,
            "configDescription": null,
            "configName": null,
            "createdate": "2023-06-20",
            "createuser": 18,
            "formName": "USER",
            "isActive": "N",
            "lastupdatedate": "2023-06-20",
            "lastupdateuser": 18,
            "requestType": null,
            "tableName": "TBL_USER",
            "updateindex": 1
        },
        {
            "mcConfigId": 112,
            "configDescription": null,
            "configName": null,
            "createdate": "2023-06-20",
            "createuser": 18,
            "formName": "TRANS_LIMIT",
            "isActive": "Y",
            "lastupdatedate": null,
            "lastupdateuser": null,
            "requestType": null,
            "tableName": "TBL_TRANS_LIMIT",
            "updateindex": null
        },
        {
            "mcConfigId": 113,
            "configDescription": null,
            "configName": null,
            "createdate": "2023-06-20",
            "createuser": 18,
            "formName": "USER",
            "isActive": "N",
            "lastupdatedate": "2023-06-20",
            "lastupdateuser": 18,
            "requestType": null,
            "tableName": "TBL_USER",
            "updateindex": 1
        },
        {
            "mcConfigId": 114,
            "configDescription": null,
            "configName": null,
            "createdate": "2023-06-20",
            "createuser": 18,
            "formName": "TRANS_LIMIT",
            "isActive": "Y",
            "lastupdatedate": null,
            "lastupdateuser": null,
            "requestType": null,
            "tableName": "TBL_TRANS_LIMIT",
            "updateindex": null
        },
        {
            "mcConfigId": 115,
            "configDescription": null,
            "configName": null,
            "createdate": "2023-06-20",
            "createuser": 18,
            "formName": "USER",
            "isActive": "N",
            "lastupdatedate": "2023-06-20",
            "lastupdateuser": 18,
            "requestType": null,
            "tableName": "TBL_USER",
            "updateindex": 1
        },
        {
            "mcConfigId": 116,
            "configDescription": null,
            "configName": null,
            "createdate": "2023-06-20",
            "createuser": 18,
            "formName": "TRANS_LIMIT",
            "isActive": "Y",
            "lastupdatedate": null,
            "lastupdateuser": null,
            "requestType": null,
            "tableName": "TBL_TRANS_LIMIT",
            "updateindex": null
        },
        {
            "mcConfigId": 117,
            "configDescription": null,
            "configName": null,
            "createdate": "2023-06-20",
            "createuser": 18,
            "formName": "USER",
            "isActive": "N",
            "lastupdatedate": "2023-06-20",
            "lastupdateuser": 18,
            "requestType": null,
            "tableName": "TBL_USER",
            "updateindex": 1
        },
        {
            "mcConfigId": 118,
            "configDescription": null,
            "configName": null,
            "createdate": "2023-06-20",
            "createuser": 18,
            "formName": "TRANS_LIMIT",
            "isActive": "Y",
            "lastupdatedate": null,
            "lastupdateuser": null,
            "requestType": null,
            "tableName": "TBL_TRANS_LIMIT",
            "updateindex": null
        },
        {
            "mcConfigId": 119,
            "configDescription": null,
            "configName": null,
            "createdate": "2023-06-20",
            "createuser": 18,
            "formName": "USER",
            "isActive": "N",
            "lastupdatedate": "2023-06-20",
            "lastupdateuser": 18,
            "requestType": null,
            "tableName": "TBL_USER",
            "updateindex": 1
        },
        {
            "mcConfigId": 108,
            "configDescription": null,
            "configName": null,
            "createdate": "2023-06-20",
            "createuser": 18,
            "formName": "TRANS_LIMIT",
            "isActive": "Y",
            "lastupdatedate": null,
            "lastupdateuser": null,
            "requestType": null,
            "tableName": "TBL_TRANS_LIMIT",
            "updateindex": null
        },
        {
            "mcConfigId": 109,
            "configDescription": null,
            "configName": null,
            "createdate": "2023-06-20",
            "createuser": 18,
            "formName": "USER",
            "isActive": "N",
            "lastupdatedate": "2023-06-20",
            "lastupdateuser": 18,
            "requestType": null,
            "tableName": "TBL_USER",
            "updateindex": 1
        }
    ],
    "errors": null,
    "checkSum": null
}
Target==>{mcConfigId=133, configDescription=null, configName=null, createdate=2023-06-20, createuser=18, formName=USER, isActive=N, lastupdatedate=2023-06-20, lastupdateuser=18, requestType=null, tableName=TBL_USER, updateindex=1}
]]></system-out>
  </testcase>
</testsuite>