<?xml version="1.0" encoding="UTF-8"?>
<!-- Generated by org.testng.reporters.JUnitReportReporter -->
<testsuite hostname="DESKTOP-TMLNJ93" failures="0" tests="3" name="com.restassured.usermanagment.api.testcases.UseCaseManagmentTest" time="19.150" errors="0" timestamp="2023-06-23T11:35:12 PKT" skipped="0">
  <testcase classname="com.restassured.usermanagment.api.testcases.UseCaseManagmentTest" name="updateUseCase" time="1.499"/>
  <testcase classname="com.restassured.usermanagment.api.testcases.UseCaseManagmentTest" name="createUsecase" time="17.262"/>
  <testcase classname="com.restassured.usermanagment.api.testcases.UseCaseManagmentTest" name="getAllUseCases" time="0.389"/>
</testsuite> <!-- com.restassured.usermanagment.api.testcases.UseCaseManagmentTest -->
