<?xml version="1.0" encoding="UTF-8"?>
<!-- Generated by org.testng.reporters.JUnitReportReporter -->
<testsuite hostname="DESKTOP-8QIQ87H" failures="0" tests="3" name="com.restassured.usermanagment.api.testcases.UseCaseManagmentTest" time="5.176" errors="0" timestamp="2023-06-20T15:42:19 PKT" skipped="0">
  <testcase classname="com.restassured.usermanagment.api.testcases.UseCaseManagmentTest" name="updateUseCase" time="1.445"/>
  <system-out/>
  <testcase classname="com.restassured.usermanagment.api.testcases.UseCaseManagmentTest" name="getAllUseCases" time="0.414"/>
  <system-out/>
  <testcase classname="com.restassured.usermanagment.api.testcases.UseCaseManagmentTest" name="createUsecase" time="3.317"/>
  <system-out/>
</testsuite> <!-- com.restassured.usermanagment.api.testcases.UseCaseManagmentTest -->
